[Fri Mar 20 16:31:00.647207 2020] [authz_core:error] [pid 8580:tid 1868] [client ::1:56764] AH01630: client denied by server configuration: C:/project/joface/joface-api/public/
[Fri Mar 20 16:31:00.762896 2020] [authz_core:error] [pid 8580:tid 1868] [client ::1:56764] AH01630: client denied by server configuration: C:/project/joface/joface-api/public/favicon.ico, referer: http://localhost:8000/
[Fri Mar 20 16:31:02.441619 2020] [authz_core:error] [pid 8580:tid 1868] [client ::1:56764] AH01630: client denied by server configuration: C:/project/joface/joface-api/public/
[Fri Mar 20 16:31:02.529384 2020] [authz_core:error] [pid 8580:tid 1868] [client ::1:56764] AH01630: client denied by server configuration: C:/project/joface/joface-api/public/favicon.ico, referer: http://localhost:8000/
[Fri Mar 20 16:31:40.660177 2020] [authz_core:error] [pid 8580:tid 1860] [client 127.0.0.1:56768] AH01630: client denied by server configuration: C:/project/joface/joface-api/public/joface-api.com
[Fri Mar 20 16:31:40.804791 2020] [authz_core:error] [pid 8580:tid 1860] [client 127.0.0.1:56768] AH01630: client denied by server configuration: C:/project/joface/joface-api/public/favicon.ico, referer: http://127.0.0.1:8000/joface-api.com
[Fri Mar 20 16:31:47.579954 2020] [authz_core:error] [pid 8580:tid 1860] [client ::1:56771] AH01630: client denied by server configuration: C:/project/joface/joface-api/public/joface-api.com
[Fri Mar 20 16:31:47.741574 2020] [authz_core:error] [pid 8580:tid 1860] [client ::1:56771] AH01630: client denied by server configuration: C:/project/joface/joface-api/public/favicon.ico, referer: http://localhost:8000/joface-api.com
[Fri Mar 20 16:31:54.812590 2020] [authz_core:error] [pid 8580:tid 1852] [client ::1:56772] AH01630: client denied by server configuration: C:/project/joface/joface-api/public/jo
[Fri Mar 20 16:31:54.883399 2020] [authz_core:error] [pid 8580:tid 1852] [client ::1:56772] AH01630: client denied by server configuration: C:/project/joface/joface-api/public/favicon.ico, referer: http://localhost:8000/jo
[Fri Mar 20 16:31:59.831261 2020] [authz_core:error] [pid 8580:tid 1852] [client ::1:56772] AH01630: client denied by server configuration: C:/project/joface/joface-api/public/
[Fri Mar 20 16:31:59.897085 2020] [authz_core:error] [pid 8580:tid 1852] [client ::1:56772] AH01630: client denied by server configuration: C:/project/joface/joface-api/public/favicon.ico, referer: http://localhost:8000/
[Fri Mar 20 16:55:36.506464 2020] [php7:error] [pid 8396:tid 1860] [client ::1:57670] PHP Fatal error:  Maximum execution time of 120 seconds exceeded in C:\\xampp\\phpMyAdmin\\libraries\\classes\\ErrorHandler.php on line 162
[Fri Mar 20 16:56:50.169969 2020] [php7:error] [pid 8396:tid 1836] [client ::1:57742] PHP Fatal error:  Maximum execution time of 120 seconds exceeded in C:\\xampp\\phpMyAdmin\\libraries\\classes\\ErrorHandler.php on line 162
[Fri Mar 20 16:57:25.806559 2020] [php7:error] [pid 8396:tid 1868] [client ::1:57780] PHP Fatal error:  Maximum execution time of 120 seconds exceeded in C:\\xampp\\phpMyAdmin\\libraries\\classes\\ErrorHandler.php on line 162
[Fri Mar 20 16:57:39.027323 2020] [authz_core:error] [pid 8396:tid 1868] [client ::1:58094] AH01630: client denied by server configuration: C:/project/joface/joface-api/public/
[Fri Mar 20 16:57:39.186902 2020] [authz_core:error] [pid 8396:tid 1868] [client ::1:58094] AH01630: client denied by server configuration: C:/project/joface/joface-api/public/favicon.ico, referer: http://localhost:8000/
[Fri Mar 20 16:57:56.894554 2020] [authz_core:error] [pid 8396:tid 1716] [client ::1:58098] AH01630: client denied by server configuration: C:/project/joface/joface-api/public/dashboard
[Fri Mar 20 16:57:56.949451 2020] [authz_core:error] [pid 8396:tid 1716] [client ::1:58098] AH01630: client denied by server configuration: C:/project/joface/joface-api/public/favicon.ico, referer: http://localhost:8000/dashboard
[Fri Mar 20 16:58:20.941982 2020] [php7:error] [pid 8396:tid 1796] [client ::1:57826] PHP Fatal error:  Maximum execution time of 120 seconds exceeded in C:\\xampp\\phpMyAdmin\\libraries\\classes\\ErrorHandler.php on line 162
[Fri Mar 20 17:04:55.995471 2020] [php7:error] [pid 8220:tid 1864] [client ::1:58137] PHP Fatal error:  Maximum execution time of 120 seconds exceeded in C:\\xampp\\phpMyAdmin\\libraries\\classes\\ErrorHandler.php on line 162
[Fri Mar 20 17:05:19.870573 2020] [php7:error] [pid 8220:tid 1860] [client ::1:58191] PHP Fatal error:  Maximum execution time of 120 seconds exceeded in C:\\xampp\\phpMyAdmin\\libraries\\classes\\ErrorHandler.php on line 162
