::1 - - [20/Mar/2020:16:31:00 +0100] "GET / HTTP/1.1" 403 1127
::1 - - [20/Mar/2020:16:31:00 +0100] "GET /favicon.ico HTTP/1.1" 403 1121
::1 - - [20/Mar/2020:16:31:02 +0100] "GET / HTTP/1.1" 403 1127
::1 - - [20/Mar/2020:16:31:02 +0100] "GET /favicon.ico HTTP/1.1" 403 1121
127.0.0.1 - - [20/Mar/2020:16:31:40 +0100] "GET /joface-api.com HTTP/1.1" 403 1121
127.0.0.1 - - [20/Mar/2020:16:31:40 +0100] "GET /favicon.ico HTTP/1.1" 403 1121
::1 - - [20/Mar/2020:16:31:47 +0100] "GET /joface-api.com HTTP/1.1" 403 1121
::1 - - [20/Mar/2020:16:31:47 +0100] "GET /favicon.ico HTTP/1.1" 403 1121
::1 - - [20/Mar/2020:16:31:54 +0100] "GET /jo HTTP/1.1" 403 1121
::1 - - [20/Mar/2020:16:31:54 +0100] "GET /favicon.ico HTTP/1.1" 403 1121
::1 - - [20/Mar/2020:16:31:59 +0100] "GET / HTTP/1.1" 403 1127
::1 - - [20/Mar/2020:16:31:59 +0100] "GET /favicon.ico HTTP/1.1" 403 1121
::1 - - [20/Mar/2020:16:34:28 +0100] "GET /phpmyadmin/ HTTP/1.1" 200 15330
::1 - - [20/Mar/2020:16:34:29 +0100] "GET /phpmyadmin/themes/pmahomme/jquery/jquery-ui.css HTTP/1.1" 200 36566
::1 - - [20/Mar/2020:16:34:29 +0100] "GET /phpmyadmin/js/vendor/codemirror/lib/codemirror.css?v=5.0.1 HTTP/1.1" 200 8705
::1 - - [20/Mar/2020:16:34:29 +0100] "GET /phpmyadmin/js/vendor/codemirror/addon/hint/show-hint.css?v=5.0.1 HTTP/1.1" 200 623
::1 - - [20/Mar/2020:16:34:29 +0100] "GET /phpmyadmin/js/vendor/codemirror/addon/lint/lint.css?v=5.0.1 HTTP/1.1" 200 2999
::1 - - [20/Mar/2020:16:34:29 +0100] "GET /phpmyadmin/themes/pmahomme/css/theme.css?v=5.0.1&nocache=6175733722ltr&server=1 HTTP/1.1" 200 100397
::1 - - [20/Mar/2020:16:34:29 +0100] "GET /phpmyadmin/js/vendor/jquery/jquery.min.js?v=5.0.1 HTTP/1.1" 200 88145
::1 - - [20/Mar/2020:16:34:29 +0100] "GET /phpmyadmin/js/vendor/jquery/jquery-migrate.js?v=5.0.1 HTTP/1.1" 200 19092
::1 - - [20/Mar/2020:16:34:29 +0100] "GET /phpmyadmin/js/vendor/sprintf.js?v=5.0.1 HTTP/1.1" 200 7387
::1 - - [20/Mar/2020:16:34:29 +0100] "GET /phpmyadmin/js/ajax.js?v=5.0.1 HTTP/1.1" 200 36644
::1 - - [20/Mar/2020:16:34:29 +0100] "GET /phpmyadmin/js/keyhandler.js?v=5.0.1 HTTP/1.1" 200 3337
::1 - - [20/Mar/2020:16:34:29 +0100] "GET /phpmyadmin/js/vendor/bootstrap/bootstrap.bundle.min.js?v=5.0.1 HTTP/1.1" 200 78635
::1 - - [20/Mar/2020:16:34:29 +0100] "GET /phpmyadmin/js/vendor/jquery/jquery-ui.min.js?v=5.0.1 HTTP/1.1" 200 253681
::1 - - [20/Mar/2020:16:34:29 +0100] "GET /phpmyadmin/js/vendor/js.cookie.js?v=5.0.1 HTTP/1.1" 200 3883
::1 - - [20/Mar/2020:16:34:29 +0100] "GET /phpmyadmin/js/vendor/jquery/jquery.mousewheel.js?v=5.0.1 HTTP/1.1" 200 8267
::1 - - [20/Mar/2020:16:34:29 +0100] "GET /phpmyadmin/js/vendor/jquery/jquery.event.drag-2.2.js?v=5.0.1 HTTP/1.1" 200 12826
::1 - - [20/Mar/2020:16:34:29 +0100] "GET /phpmyadmin/js/vendor/jquery/jquery.validate.js?v=5.0.1 HTTP/1.1" 200 50690
::1 - - [20/Mar/2020:16:34:29 +0100] "GET /phpmyadmin/js/vendor/jquery/jquery.ba-hashchange-1.3.js?v=5.0.1 HTTP/1.1" 200 16522
::1 - - [20/Mar/2020:16:34:29 +0100] "GET /phpmyadmin/js/vendor/jquery/jquery.debounce-1.0.5.js?v=5.0.1 HTTP/1.1" 200 1169
::1 - - [20/Mar/2020:16:34:29 +0100] "GET /phpmyadmin/js/vendor/jquery/jquery-ui-timepicker-addon.js?v=5.0.1 HTTP/1.1" 200 78475
::1 - - [20/Mar/2020:16:34:29 +0100] "GET /phpmyadmin/js/menu_resizer.js?v=5.0.1 HTTP/1.1" 200 8276
::1 - - [20/Mar/2020:16:34:29 +0100] "GET /phpmyadmin/js/cross_framing_protection.js?v=5.0.1 HTTP/1.1" 200 465
::1 - - [20/Mar/2020:16:34:29 +0100] "GET /phpmyadmin/js/error_report.js?v=5.0.1 HTTP/1.1" 200 10858
::1 - - [20/Mar/2020:16:34:29 +0100] "GET /phpmyadmin/js/rte.js?v=5.0.1 HTTP/1.1" 200 47818
::1 - - [20/Mar/2020:16:34:29 +0100] "GET /phpmyadmin/js/vendor/tracekit.js?v=5.0.1 HTTP/1.1" 200 45389
::1 - - [20/Mar/2020:16:34:29 +0100] "GET /phpmyadmin/js/config.js?v=5.0.1 HTTP/1.1" 200 27402
::1 - - [20/Mar/2020:16:34:29 +0100] "GET /phpmyadmin/js/doclinks.js?v=5.0.1 HTTP/1.1" 200 18970
::1 - - [20/Mar/2020:16:34:29 +0100] "GET /phpmyadmin/js/navigation.js?v=5.0.1 HTTP/1.1" 200 62743
::1 - - [20/Mar/2020:16:34:29 +0100] "GET /phpmyadmin/js/functions.js?v=5.0.1 HTTP/1.1" 200 177699
::1 - - [20/Mar/2020:16:34:29 +0100] "GET /phpmyadmin/js/indexes.js?v=5.0.1 HTTP/1.1" 200 29379
::1 - - [20/Mar/2020:16:34:29 +0100] "GET /phpmyadmin/js/common.js?v=5.0.1 HTTP/1.1" 200 4662
::1 - - [20/Mar/2020:16:34:29 +0100] "GET /phpmyadmin/js/page_settings.js?v=5.0.1 HTTP/1.1" 200 1746
::1 - - [20/Mar/2020:16:34:29 +0100] "GET /phpmyadmin/js/drag_drop_import.js?v=5.0.1 HTTP/1.1" 200 14528
::1 - - [20/Mar/2020:16:34:29 +0100] "GET /phpmyadmin/js/shortcuts_handler.js?v=5.0.1 HTTP/1.1" 200 3379
::1 - - [20/Mar/2020:16:34:29 +0100] "GET /phpmyadmin/js/vendor/codemirror/mode/sql/sql.js?v=5.0.1 HTTP/1.1" 200 47451
::1 - - [20/Mar/2020:16:34:29 +0100] "GET /phpmyadmin/js/vendor/codemirror/addon/runmode/runmode.js?v=5.0.1 HTTP/1.1" 200 2500
::1 - - [20/Mar/2020:16:34:29 +0100] "GET /phpmyadmin/js/vendor/codemirror/addon/hint/show-hint.js?v=5.0.1 HTTP/1.1" 200 17378
::1 - - [20/Mar/2020:16:34:29 +0100] "GET /phpmyadmin/js/vendor/codemirror/lib/codemirror.js?v=5.0.1 HTTP/1.1" 200 395660
::1 - - [20/Mar/2020:16:34:29 +0100] "GET /phpmyadmin/js/vendor/codemirror/addon/hint/sql-hint.js?v=5.0.1 HTTP/1.1" 200 9599
::1 - - [20/Mar/2020:16:34:29 +0100] "GET /phpmyadmin/js/vendor/codemirror/addon/lint/lint.js?v=5.0.1 HTTP/1.1" 200 8610
::1 - - [20/Mar/2020:16:34:29 +0100] "GET /phpmyadmin/js/codemirror/addon/lint/sql-lint.js?v=5.0.1 HTTP/1.1" 200 1156
::1 - - [20/Mar/2020:16:34:29 +0100] "GET /phpmyadmin/js/console.js?v=5.0.1 HTTP/1.1" 200 57024
::1 - - [20/Mar/2020:16:34:29 +0100] "GET /phpmyadmin/themes/dot.gif HTTP/1.1" 200 43
::1 - - [20/Mar/2020:16:34:29 +0100] "GET /phpmyadmin/themes/pmahomme/img/logo_left.png HTTP/1.1" 200 2713
::1 - - [20/Mar/2020:16:34:29 +0100] "GET /phpmyadmin/themes/pmahomme/css/printview.css?v=5.0.1 HTTP/1.1" 200 1455
::1 - - [20/Mar/2020:16:34:29 +0100] "GET /phpmyadmin/js/whitelist.php?v=5.0.1&lang=fr HTTP/1.1" 200 478
::1 - - [20/Mar/2020:16:34:29 +0100] "GET /phpmyadmin/js/messages.php?l=fr&v=5.0.1&lang=fr HTTP/1.1" 200 10013
::1 - - [20/Mar/2020:16:34:29 +0100] "GET /phpmyadmin/themes/pmahomme/img/left_nav_bg.png HTTP/1.1" 200 146
::1 - - [20/Mar/2020:16:34:29 +0100] "GET /phpmyadmin/themes/pmahomme/img/b_home.png HTTP/1.1" 200 734
::1 - - [20/Mar/2020:16:34:29 +0100] "GET /phpmyadmin/themes/pmahomme/img/s_loggoff.png HTTP/1.1" 200 626
::1 - - [20/Mar/2020:16:34:29 +0100] "GET /phpmyadmin/themes/pmahomme/img/b_docs.png HTTP/1.1" 200 705
::1 - - [20/Mar/2020:16:34:29 +0100] "GET /phpmyadmin/themes/pmahomme/img/s_cog.png HTTP/1.1" 200 442
::1 - - [20/Mar/2020:16:34:29 +0100] "GET /phpmyadmin/themes/pmahomme/img/b_sqlhelp.png HTTP/1.1" 200 512
::1 - - [20/Mar/2020:16:34:29 +0100] "GET /phpmyadmin/themes/pmahomme/img/s_reload.png HTTP/1.1" 200 527
::1 - - [20/Mar/2020:16:34:29 +0100] "GET /phpmyadmin/themes/pmahomme/img/ajax_clock_small.gif HTTP/1.1" 200 1810
::1 - - [20/Mar/2020:16:34:29 +0100] "GET /phpmyadmin/themes/pmahomme/img/s_link.png HTTP/1.1" 200 280
::1 - - [20/Mar/2020:16:34:29 +0100] "GET /phpmyadmin/themes/pmahomme/img/b_plus.png HTTP/1.1" 200 143
::1 - - [20/Mar/2020:16:34:29 +0100] "GET /phpmyadmin/themes/pmahomme/img/b_newdb.png HTTP/1.1" 200 585
::1 - - [20/Mar/2020:16:34:29 +0100] "GET /phpmyadmin/themes/pmahomme/img/s_db.png HTTP/1.1" 200 328
::1 - - [20/Mar/2020:16:34:29 +0100] "GET /phpmyadmin/themes/pmahomme/img/s_host.png HTTP/1.1" 200 591
::1 - - [20/Mar/2020:16:34:29 +0100] "GET /phpmyadmin/themes/pmahomme/img/b_sql.png HTTP/1.1" 200 680
::1 - - [20/Mar/2020:16:34:29 +0100] "GET /phpmyadmin/themes/pmahomme/img/s_status.png HTTP/1.1" 200 600
::1 - - [20/Mar/2020:16:34:29 +0100] "GET /phpmyadmin/themes/pmahomme/img/s_rights.png HTTP/1.1" 200 461
::1 - - [20/Mar/2020:16:34:29 +0100] "GET /phpmyadmin/themes/pmahomme/img/b_import.png HTTP/1.1" 200 556
::1 - - [20/Mar/2020:16:34:29 +0100] "GET /phpmyadmin/themes/pmahomme/img/b_export.png HTTP/1.1" 200 514
::1 - - [20/Mar/2020:16:34:29 +0100] "GET /phpmyadmin/themes/pmahomme/img/b_tblops.png HTTP/1.1" 200 537
::1 - - [20/Mar/2020:16:34:29 +0100] "GET /phpmyadmin/themes/pmahomme/img/s_replication.png HTTP/1.1" 200 399
::1 - - [20/Mar/2020:16:34:29 +0100] "GET /phpmyadmin/themes/pmahomme/img/s_vars.png HTTP/1.1" 200 523
::1 - - [20/Mar/2020:16:34:29 +0100] "GET /phpmyadmin/themes/pmahomme/img/s_asci.png HTTP/1.1" 200 148
::1 - - [20/Mar/2020:16:34:29 +0100] "GET /phpmyadmin/themes/pmahomme/img/b_engine.png HTTP/1.1" 200 398
::1 - - [20/Mar/2020:16:34:29 +0100] "GET /phpmyadmin/themes/pmahomme/img/b_plugin.png HTTP/1.1" 200 512
::1 - - [20/Mar/2020:16:34:29 +0100] "GET /phpmyadmin/themes/pmahomme/img/console.png HTTP/1.1" 200 292
::1 - - [20/Mar/2020:16:34:29 +0100] "GET /phpmyadmin/themes/pmahomme/img/b_help.png HTTP/1.1" 200 705
::1 - - [20/Mar/2020:16:34:29 +0100] "GET /phpmyadmin/themes/pmahomme/img/s_lang.png HTTP/1.1" 200 659
::1 - - [20/Mar/2020:16:34:29 +0100] "GET /phpmyadmin/themes/pmahomme/img/s_theme.png HTTP/1.1" 200 772
::1 - - [20/Mar/2020:16:34:29 +0100] "GET /phpmyadmin/themes/pmahomme/img/window-new.png HTTP/1.1" 200 468
::1 - - [20/Mar/2020:16:34:29 +0100] "GET /phpmyadmin/themes/pmahomme/img/b_right.png HTTP/1.1" 200 113
::1 - - [20/Mar/2020:16:34:29 +0100] "GET /phpmyadmin/themes/pmahomme/img/b_left.png HTTP/1.1" 200 114
::1 - - [20/Mar/2020:16:34:29 +0100] "POST /phpmyadmin/navigation.php?ajax_request=1&lang=fr HTTP/1.1" 200 2195
::1 - - [20/Mar/2020:16:34:29 +0100] "POST /phpmyadmin/ajax.php HTTP/1.1" 200 1569
::1 - - [20/Mar/2020:16:34:29 +0100] "GET /phpmyadmin/themes/pmahomme/img/b_more.png HTTP/1.1" 200 111
::1 - - [20/Mar/2020:16:34:30 +0100] "GET /phpmyadmin/favicon.ico HTTP/1.1" 200 22486
::1 - - [20/Mar/2020:16:34:29 +0100] "POST /phpmyadmin/ajax.php HTTP/1.1" 200 1465
::1 - - [20/Mar/2020:16:34:29 +0100] "POST /phpmyadmin/version_check.php HTTP/1.1" 200 64
::1 - - [20/Mar/2020:16:34:29 +0100] "POST /phpmyadmin/db_structure.php?ajax_request=1&favorite_table=1&sync_favorite_tables=1&lang=fr HTTP/1.1" 200 155
::1 - - [20/Mar/2020:16:34:32 +0100] "GET /phpmyadmin/themes/pmahomme/img/s_top.png HTTP/1.1" 200 220
::1 - - [20/Mar/2020:16:34:34 +0100] "GET /phpmyadmin/server_databases.php?lang=fr&ajax_request=true&ajax_page_request=true&_nocache=1584718474211484879&token=3b3570416354474932596c79243d4d2d HTTP/1.1" 200 7508
::1 - - [20/Mar/2020:16:34:34 +0100] "GET /phpmyadmin/themes/pmahomme/img/s_asc.png HTTP/1.1" 200 146
::1 - - [20/Mar/2020:16:34:34 +0100] "GET /phpmyadmin/themes/pmahomme/img/b_deltbl.png HTTP/1.1" 200 577
::1 - - [20/Mar/2020:16:34:34 +0100] "GET /phpmyadmin/themes/pmahomme/img/s_notice.png HTTP/1.1" 200 567
::1 - - [20/Mar/2020:16:34:34 +0100] "GET /phpmyadmin/js/server/databases.js?v=5.0.1 HTTP/1.1" 200 5722
::1 - - [20/Mar/2020:16:34:34 +0100] "GET /phpmyadmin/themes/pmahomme/img/arrow_ltr.png HTTP/1.1" 200 101
::1 - - [20/Mar/2020:16:36:19 +0100] "POST /phpmyadmin/server_databases.php HTTP/1.1" 200 1891
::1 - - [20/Mar/2020:16:36:19 +0100] "GET /phpmyadmin/themes/pmahomme/img/s_success.png HTTP/1.1" 200 465
::1 - - [20/Mar/2020:16:36:19 +0100] "POST /phpmyadmin/navigation.php?ajax_request=1&lang=fr HTTP/1.1" 200 2237
::1 - - [20/Mar/2020:16:36:19 +0100] "GET /phpmyadmin/db_structure.php?db=joface_api&ajax_request=true&ajax_page_request=true&_nocache=1584718579985531266&token=3b3570416354474932596c79243d4d2d HTTP/1.1" 200 3009
::1 - - [20/Mar/2020:16:36:20 +0100] "GET /phpmyadmin/themes/pmahomme/img/b_props.png HTTP/1.1" 200 573
::1 - - [20/Mar/2020:16:36:20 +0100] "GET /phpmyadmin/themes/pmahomme/img/b_search.png HTTP/1.1" 200 538
::1 - - [20/Mar/2020:16:36:20 +0100] "GET /phpmyadmin/themes/pmahomme/img/b_routines.png HTTP/1.1" 200 306
::1 - - [20/Mar/2020:16:36:20 +0100] "GET /phpmyadmin/themes/pmahomme/img/b_events.png HTTP/1.1" 200 703
::1 - - [20/Mar/2020:16:36:20 +0100] "GET /phpmyadmin/themes/pmahomme/img/eye.png HTTP/1.1" 200 663
::1 - - [20/Mar/2020:16:36:20 +0100] "GET /phpmyadmin/themes/pmahomme/img/b_triggers.png HTTP/1.1" 200 446
::1 - - [20/Mar/2020:16:36:20 +0100] "GET /phpmyadmin/themes/pmahomme/img/b_relations.png HTTP/1.1" 200 140
::1 - - [20/Mar/2020:16:36:20 +0100] "GET /phpmyadmin/themes/pmahomme/img/centralColumns.png HTTP/1.1" 200 586
::1 - - [20/Mar/2020:16:36:20 +0100] "GET /phpmyadmin/themes/pmahomme/img/b_table_add.png HTTP/1.1" 200 571
::1 - - [20/Mar/2020:16:36:20 +0100] "GET /phpmyadmin/js/database/structure.js?v=5.0.1 HTTP/1.1" 200 15943
::1 - - [20/Mar/2020:16:36:20 +0100] "GET /phpmyadmin/js/table/change.js?v=5.0.1 HTTP/1.1" 200 28579
::1 - - [20/Mar/2020:16:36:20 +0100] "GET /phpmyadmin/navigation.php?ajax_request=1&lang=fr&aPath=cm9vdA%3D%3D.am9mYWNlX2FwaQ%3D%3D&vPath=cm9vdA%3D%3D.am9mYWNlX2FwaQ%3D%3D&pos=0&pos2_name=&pos2_value=&searchClause=&searchClause2=&_nocache=1584718580335680521&token=3b3570416354474932596c79243d4d2d HTTP/1.1" 200 1497
::1 - - [20/Mar/2020:16:36:20 +0100] "GET /phpmyadmin/themes/pmahomme/img/b_minus.png HTTP/1.1" 200 123
::1 - - [20/Mar/2020:16:36:33 +0100] "POST /phpmyadmin/tbl_create.php HTTP/1.1" 200 45049
::1 - - [20/Mar/2020:16:36:34 +0100] "GET /phpmyadmin/themes/pmahomme/img/b_browse.png HTTP/1.1" 200 486
::1 - - [20/Mar/2020:16:36:34 +0100] "GET /phpmyadmin/themes/pmahomme/img/s_tbl.png HTTP/1.1" 200 645
::1 - - [20/Mar/2020:16:36:34 +0100] "GET /phpmyadmin/themes/pmahomme/img/b_insrow.png HTTP/1.1" 200 157
::1 - - [20/Mar/2020:16:36:34 +0100] "GET /phpmyadmin/themes/pmahomme/img/b_tblimport.png HTTP/1.1" 200 556
::1 - - [20/Mar/2020:16:36:34 +0100] "GET /phpmyadmin/themes/pmahomme/img/b_tblexport.png HTTP/1.1" 200 514
::1 - - [20/Mar/2020:16:36:34 +0100] "GET /phpmyadmin/js/vendor/jquery/jquery.uitablefilter.js?v=5.0.1 HTTP/1.1" 200 3479
::1 - - [20/Mar/2020:16:36:34 +0100] "GET /phpmyadmin/index.php?ajax_request=1&recent_table=1&no_debug=true&_nocache=1584718594166687123&token=3b3570416354474932596c79243d4d2d HTTP/1.1" 200 1490
::1 - - [20/Mar/2020:16:36:39 +0100] "GET /phpmyadmin/themes/pmahomme/img/s_lock.png HTTP/1.1" 200 667
::1 - - [20/Mar/2020:16:36:47 +0100] "GET /phpmyadmin/sql.php?db=joface_api&table=skill&pos=0&ajax_request=true&ajax_page_request=true&_nocache=1584718607981716092&token=3b3570416354474932596c79243d4d2d HTTP/1.1" 200 159
::1 - - [20/Mar/2020:16:36:48 +0100] "GET /phpmyadmin/themes/pmahomme/img/s_error.png HTTP/1.1" 200 614
::1 - - [20/Mar/2020:16:37:02 +0100] "GET /phpmyadmin/db_structure.php?db=joface_api&ajax_request=true&ajax_page_request=true&_nocache=1584718622107410918&token=3b3570416354474932596c79243d4d2d HTTP/1.1" 200 3011
::1 - - [20/Mar/2020:16:37:18 +0100] "GET /phpmyadmin/index.php?ajax_request=true&ajax_page_request=true&_nocache=1584718638975933542&token=3b3570416354474932596c79243d4d2d HTTP/1.1" 200 8328
::1 - - [20/Mar/2020:16:37:19 +0100] "POST /phpmyadmin/version_check.php HTTP/1.1" 200 64
::1 - - [20/Mar/2020:16:37:19 +0100] "POST /phpmyadmin/db_structure.php?ajax_request=1&favorite_table=1&sync_favorite_tables=1 HTTP/1.1" 200 155
::1 - - [20/Mar/2020:16:37:26 +0100] "GET /phpmyadmin/prefs_manage.php?ajax_request=true&ajax_page_request=true&_nocache=1584718646392532527&token=3b3570416354474932596c79243d4d2d HTTP/1.1" 200 2804
::1 - - [20/Mar/2020:16:37:26 +0100] "GET /phpmyadmin/themes/pmahomme/img/b_select.png HTTP/1.1" 200 593
::1 - - [20/Mar/2020:16:37:37 +0100] "GET /phpmyadmin/server_privileges.php?viewing_mode=server&ajax_request=true&ajax_page_request=true&_nocache=1584718657506398503&token=3b3570416354474932596c79243d4d2d HTTP/1.1" 200 3114
::1 - - [20/Mar/2020:16:37:37 +0100] "GET /phpmyadmin/js/server/privileges.js?v=5.0.1 HTTP/1.1" 200 19243
::1 - - [20/Mar/2020:16:37:37 +0100] "GET /phpmyadmin/themes/pmahomme/img/b_usrlist.png HTTP/1.1" 200 677
::1 - - [20/Mar/2020:16:37:37 +0100] "GET /phpmyadmin/themes/pmahomme/img/b_usredit.png HTTP/1.1" 200 757
::1 - - [20/Mar/2020:16:37:37 +0100] "GET /phpmyadmin/themes/pmahomme/img/b_usradd.png HTTP/1.1" 200 670
::1 - - [20/Mar/2020:16:37:37 +0100] "GET /phpmyadmin/themes/pmahomme/img/b_usrdrop.png HTTP/1.1" 200 697
::1 - - [20/Mar/2020:16:37:37 +0100] "GET /phpmyadmin/js/vendor/zxcvbn.js?v=5.0.1 HTTP/1.1" 200 821676
::1 - - [20/Mar/2020:16:37:37 +0100] "POST /phpmyadmin/navigation.php?ajax_request=1&lang=fr HTTP/1.1" 200 4668
::1 - - [20/Mar/2020:16:38:25 +0100] "GET /phpmyadmin/server_privileges.php?username=root&hostname=127.0.0.1&dbname=&tablename=&routinename=&ajax_request=true&ajax_page_request=true&_nocache=1584718705738885297&token=3b3570416354474932596c79243d4d2d HTTP/1.1" 200 6571
::1 - - [20/Mar/2020:16:38:52 +0100] "POST /phpmyadmin/server_privileges.php HTTP/1.1" 200 6610
::1 - - [20/Mar/2020:16:38:58 +0100] "GET /phpmyadmin/server_privileges.php?viewing_mode=server&ajax_request=true&ajax_page_request=true&_nocache=158471873846563820&token=3b3570416354474932596c79243d4d2d HTTP/1.1" 200 3119
::1 - - [20/Mar/2020:16:39:03 +0100] "GET /phpmyadmin/server_privileges.php?username=root&hostname=%3A%3A1&dbname=&tablename=&routinename=&ajax_request=true&ajax_page_request=true&_nocache=158471874303219475&token=3b3570416354474932596c79243d4d2d HTTP/1.1" 200 6567
::1 - - [20/Mar/2020:16:39:13 +0100] "POST /phpmyadmin/server_privileges.php HTTP/1.1" 200 6605
::1 - - [20/Mar/2020:16:39:17 +0100] "GET /phpmyadmin/server_privileges.php?viewing_mode=server&ajax_request=true&ajax_page_request=true&_nocache=1584718757258143242&token=3b3570416354474932596c79243d4d2d HTTP/1.1" 200 3117
::1 - - [20/Mar/2020:16:39:21 +0100] "GET /phpmyadmin/server_privileges.php?username=root&hostname=localhost&dbname=&tablename=&routinename=&ajax_request=true&ajax_page_request=true&_nocache=1584718761511610337&token=3b3570416354474932596c79243d4d2d HTTP/1.1" 200 6603
::1 - - [20/Mar/2020:16:39:33 +0100] "POST /phpmyadmin/server_privileges.php HTTP/1.1" 200 6633
::1 - - [20/Mar/2020:16:39:35 +0100] "GET /phpmyadmin/server_privileges.php?viewing_mode=server&ajax_request=true&ajax_page_request=true&_nocache=1584718775787431466&token=3b3570416354474932596c79243d4d2d HTTP/1.1" 200 2042
::1 - - [20/Mar/2020:16:39:42 +0100] "GET /phpmyadmin/server_privileges.php?viewing_mode=server&ajax_request=true&ajax_page_request=true&_nocache=1584718782505374979&token=3b3570416354474932596c79243d4d2d HTTP/1.1" 200 2042
::1 - - [20/Mar/2020:16:39:45 +0100] "GET /phpmyadmin/index.php?ajax_request=true&ajax_page_request=true&_nocache=1584718785162646862&token=3b3570416354474932596c79243d4d2d HTTP/1.1" 200 2024
::1 - - [20/Mar/2020:16:39:46 +0100] "GET /phpmyadmin/index.php?ajax_request=true&ajax_page_request=true&_nocache=1584718786443940062&token=3b3570416354474932596c79243d4d2d HTTP/1.1" 200 2024
::1 - - [20/Mar/2020:16:39:46 +0100] "GET /phpmyadmin/index.php?ajax_request=true&ajax_page_request=true&_nocache=1584718786835394220&token=3b3570416354474932596c79243d4d2d HTTP/1.1" 200 2024
::1 - - [20/Mar/2020:16:39:48 +0100] "GET /phpmyadmin/index.php HTTP/1.1" 200 2288
::1 - - [20/Mar/2020:16:39:48 +0100] "GET /phpmyadmin/themes/pmahomme/css/theme.css?v=5.0.1&nocache=4604068693ltr&server=1 HTTP/1.1" 200 100397
::1 - - [20/Mar/2020:16:39:48 +0100] "GET /phpmyadmin/js/whitelist.php?v=5.0.1 HTTP/1.1" 200 478
::1 - - [20/Mar/2020:16:39:48 +0100] "GET /phpmyadmin/js/messages.php?l=fr&v=5.0.1 HTTP/1.1" 200 10013
::1 - - [20/Mar/2020:16:39:50 +0100] "GET /phpmyadmin/index.php HTTP/1.1" 200 2288
::1 - - [20/Mar/2020:16:39:52 +0100] "GET /phpmyadmin/index.php HTTP/1.1" 200 2288
::1 - - [20/Mar/2020:16:40:09 +0100] "GET /phpmyadmin/ HTTP/1.1" 200 2288
::1 - - [20/Mar/2020:16:41:36 +0100] "GET /phpmyadmin/ HTTP/1.1" 200 2288
::1 - - [20/Mar/2020:16:42:35 +0100] "GET /phpmyadmin/ HTTP/1.1" 200 2288
::1 - - [20/Mar/2020:16:42:35 +0100] "GET /phpmyadmin/themes/pmahomme/jquery/jquery-ui.css HTTP/1.1" 200 36566
::1 - - [20/Mar/2020:16:42:35 +0100] "GET /phpmyadmin/js/vendor/codemirror/lib/codemirror.css?v=5.0.1 HTTP/1.1" 200 8705
::1 - - [20/Mar/2020:16:42:35 +0100] "GET /phpmyadmin/js/vendor/codemirror/addon/hint/show-hint.css?v=5.0.1 HTTP/1.1" 200 623
::1 - - [20/Mar/2020:16:42:35 +0100] "GET /phpmyadmin/js/vendor/codemirror/addon/lint/lint.css?v=5.0.1 HTTP/1.1" 200 2999
::1 - - [20/Mar/2020:16:42:35 +0100] "GET /phpmyadmin/themes/pmahomme/css/theme.css?v=5.0.1&nocache=4604068693ltr&server=1 HTTP/1.1" 200 100397
::1 - - [20/Mar/2020:16:42:35 +0100] "GET /phpmyadmin/js/vendor/jquery/jquery.min.js?v=5.0.1 HTTP/1.1" 200 88145
::1 - - [20/Mar/2020:16:42:35 +0100] "GET /phpmyadmin/js/vendor/jquery/jquery-migrate.js?v=5.0.1 HTTP/1.1" 200 19092
::1 - - [20/Mar/2020:16:42:35 +0100] "GET /phpmyadmin/js/vendor/sprintf.js?v=5.0.1 HTTP/1.1" 200 7387
::1 - - [20/Mar/2020:16:42:35 +0100] "GET /phpmyadmin/js/ajax.js?v=5.0.1 HTTP/1.1" 200 36644
::1 - - [20/Mar/2020:16:42:35 +0100] "GET /phpmyadmin/js/keyhandler.js?v=5.0.1 HTTP/1.1" 200 3337
::1 - - [20/Mar/2020:16:42:35 +0100] "GET /phpmyadmin/js/vendor/bootstrap/bootstrap.bundle.min.js?v=5.0.1 HTTP/1.1" 200 78635
::1 - - [20/Mar/2020:16:42:35 +0100] "GET /phpmyadmin/js/vendor/js.cookie.js?v=5.0.1 HTTP/1.1" 200 3883
::1 - - [20/Mar/2020:16:42:35 +0100] "GET /phpmyadmin/js/vendor/jquery/jquery-ui.min.js?v=5.0.1 HTTP/1.1" 200 253681
::1 - - [20/Mar/2020:16:42:35 +0100] "GET /phpmyadmin/js/vendor/jquery/jquery.mousewheel.js?v=5.0.1 HTTP/1.1" 200 8267
::1 - - [20/Mar/2020:16:42:35 +0100] "GET /phpmyadmin/js/vendor/jquery/jquery.event.drag-2.2.js?v=5.0.1 HTTP/1.1" 200 12826
::1 - - [20/Mar/2020:16:42:35 +0100] "GET /phpmyadmin/js/vendor/jquery/jquery.validate.js?v=5.0.1 HTTP/1.1" 200 50690
::1 - - [20/Mar/2020:16:42:35 +0100] "GET /phpmyadmin/js/vendor/jquery/jquery-ui-timepicker-addon.js?v=5.0.1 HTTP/1.1" 200 78475
::1 - - [20/Mar/2020:16:42:35 +0100] "GET /phpmyadmin/js/vendor/jquery/jquery.ba-hashchange-1.3.js?v=5.0.1 HTTP/1.1" 200 16522
::1 - - [20/Mar/2020:16:42:35 +0100] "GET /phpmyadmin/js/menu_resizer.js?v=5.0.1 HTTP/1.1" 200 8276
::1 - - [20/Mar/2020:16:42:35 +0100] "GET /phpmyadmin/js/vendor/jquery/jquery.debounce-1.0.5.js?v=5.0.1 HTTP/1.1" 200 1169
::1 - - [20/Mar/2020:16:42:35 +0100] "GET /phpmyadmin/js/cross_framing_protection.js?v=5.0.1 HTTP/1.1" 200 465
::1 - - [20/Mar/2020:16:42:35 +0100] "GET /phpmyadmin/js/rte.js?v=5.0.1 HTTP/1.1" 200 47818
::1 - - [20/Mar/2020:16:42:35 +0100] "GET /phpmyadmin/js/error_report.js?v=5.0.1 HTTP/1.1" 200 10858
::1 - - [20/Mar/2020:16:42:35 +0100] "GET /phpmyadmin/js/vendor/tracekit.js?v=5.0.1 HTTP/1.1" 200 45389
::1 - - [20/Mar/2020:16:42:35 +0100] "GET /phpmyadmin/js/config.js?v=5.0.1 HTTP/1.1" 200 27402
::1 - - [20/Mar/2020:16:42:35 +0100] "GET /phpmyadmin/js/doclinks.js?v=5.0.1 HTTP/1.1" 200 18970
::1 - - [20/Mar/2020:16:42:35 +0100] "GET /phpmyadmin/js/functions.js?v=5.0.1 HTTP/1.1" 200 177699
::1 - - [20/Mar/2020:16:42:35 +0100] "GET /phpmyadmin/js/navigation.js?v=5.0.1 HTTP/1.1" 200 62743
::1 - - [20/Mar/2020:16:42:35 +0100] "GET /phpmyadmin/js/indexes.js?v=5.0.1 HTTP/1.1" 200 29379
::1 - - [20/Mar/2020:16:42:35 +0100] "GET /phpmyadmin/js/common.js?v=5.0.1 HTTP/1.1" 200 4662
::1 - - [20/Mar/2020:16:42:35 +0100] "GET /phpmyadmin/js/page_settings.js?v=5.0.1 HTTP/1.1" 200 1746
::1 - - [20/Mar/2020:16:42:35 +0100] "GET /phpmyadmin/js/drag_drop_import.js?v=5.0.1 HTTP/1.1" 200 14528
::1 - - [20/Mar/2020:16:42:35 +0100] "GET /phpmyadmin/js/shortcuts_handler.js?v=5.0.1 HTTP/1.1" 200 3379
::1 - - [20/Mar/2020:16:42:35 +0100] "GET /phpmyadmin/js/vendor/codemirror/mode/sql/sql.js?v=5.0.1 HTTP/1.1" 200 47451
::1 - - [20/Mar/2020:16:42:35 +0100] "GET /phpmyadmin/js/vendor/codemirror/addon/runmode/runmode.js?v=5.0.1 HTTP/1.1" 200 2500
::1 - - [20/Mar/2020:16:42:35 +0100] "GET /phpmyadmin/js/vendor/codemirror/lib/codemirror.js?v=5.0.1 HTTP/1.1" 200 395660
::1 - - [20/Mar/2020:16:42:35 +0100] "GET /phpmyadmin/js/vendor/codemirror/addon/hint/show-hint.js?v=5.0.1 HTTP/1.1" 200 17378
::1 - - [20/Mar/2020:16:42:35 +0100] "GET /phpmyadmin/js/vendor/codemirror/addon/hint/sql-hint.js?v=5.0.1 HTTP/1.1" 200 9599
::1 - - [20/Mar/2020:16:42:35 +0100] "GET /phpmyadmin/js/vendor/codemirror/addon/lint/lint.js?v=5.0.1 HTTP/1.1" 200 8610
::1 - - [20/Mar/2020:16:42:35 +0100] "GET /phpmyadmin/js/codemirror/addon/lint/sql-lint.js?v=5.0.1 HTTP/1.1" 200 1156
::1 - - [20/Mar/2020:16:42:35 +0100] "GET /phpmyadmin/themes/dot.gif HTTP/1.1" 200 43
::1 - - [20/Mar/2020:16:42:35 +0100] "GET /phpmyadmin/themes/pmahomme/css/printview.css?v=5.0.1 HTTP/1.1" 200 1455
::1 - - [20/Mar/2020:16:42:35 +0100] "GET /phpmyadmin/js/console.js?v=5.0.1 HTTP/1.1" 200 57024
::1 - - [20/Mar/2020:16:42:35 +0100] "GET /phpmyadmin/js/whitelist.php?v=5.0.1 HTTP/1.1" 200 478
::1 - - [20/Mar/2020:16:42:35 +0100] "GET /phpmyadmin/js/messages.php?l=fr&v=5.0.1 HTTP/1.1" 200 10013
::1 - - [20/Mar/2020:16:42:35 +0100] "GET /phpmyadmin/themes/pmahomme/img/b_help.png HTTP/1.1" 200 705
::1 - - [20/Mar/2020:16:42:35 +0100] "GET /phpmyadmin/themes/pmahomme/img/s_error.png HTTP/1.1" 200 614
::1 - - [20/Mar/2020:16:42:35 +0100] "GET /phpmyadmin/favicon.ico HTTP/1.1" 200 22486
::1 - - [20/Mar/2020:16:42:35 +0100] "GET /phpmyadmin/ HTTP/1.1" 200 2288
::1 - - [20/Mar/2020:16:42:35 +0100] "GET /phpmyadmin/themes/pmahomme/jquery/jquery-ui.css HTTP/1.1" 200 36566
::1 - - [20/Mar/2020:16:42:35 +0100] "GET /phpmyadmin/js/vendor/codemirror/lib/codemirror.css?v=5.0.1 HTTP/1.1" 200 8705
::1 - - [20/Mar/2020:16:42:35 +0100] "GET /phpmyadmin/js/vendor/codemirror/addon/hint/show-hint.css?v=5.0.1 HTTP/1.1" 200 623
::1 - - [20/Mar/2020:16:42:35 +0100] "GET /phpmyadmin/themes/pmahomme/css/theme.css?v=5.0.1&nocache=4604068693ltr&server=1 HTTP/1.1" 200 100397
::1 - - [20/Mar/2020:16:42:35 +0100] "GET /phpmyadmin/js/vendor/jquery/jquery.min.js?v=5.0.1 HTTP/1.1" 200 88145
::1 - - [20/Mar/2020:16:42:35 +0100] "GET /phpmyadmin/js/vendor/codemirror/addon/lint/lint.css?v=5.0.1 HTTP/1.1" 200 2999
::1 - - [20/Mar/2020:16:42:35 +0100] "GET /phpmyadmin/js/vendor/jquery/jquery-migrate.js?v=5.0.1 HTTP/1.1" 200 19092
::1 - - [20/Mar/2020:16:42:35 +0100] "GET /phpmyadmin/js/vendor/sprintf.js?v=5.0.1 HTTP/1.1" 200 7387
::1 - - [20/Mar/2020:16:42:35 +0100] "GET /phpmyadmin/js/ajax.js?v=5.0.1 HTTP/1.1" 200 36644
::1 - - [20/Mar/2020:16:42:35 +0100] "GET /phpmyadmin/js/keyhandler.js?v=5.0.1 HTTP/1.1" 200 3337
::1 - - [20/Mar/2020:16:42:35 +0100] "GET /phpmyadmin/js/vendor/bootstrap/bootstrap.bundle.min.js?v=5.0.1 HTTP/1.1" 200 78635
::1 - - [20/Mar/2020:16:42:35 +0100] "GET /phpmyadmin/js/vendor/jquery/jquery-ui.min.js?v=5.0.1 HTTP/1.1" 200 253681
::1 - - [20/Mar/2020:16:42:35 +0100] "GET /phpmyadmin/js/vendor/jquery/jquery.event.drag-2.2.js?v=5.0.1 HTTP/1.1" 200 12826
::1 - - [20/Mar/2020:16:42:35 +0100] "GET /phpmyadmin/js/vendor/jquery/jquery.mousewheel.js?v=5.0.1 HTTP/1.1" 200 8267
::1 - - [20/Mar/2020:16:42:35 +0100] "GET /phpmyadmin/js/vendor/jquery/jquery.validate.js?v=5.0.1 HTTP/1.1" 200 50690
::1 - - [20/Mar/2020:16:42:35 +0100] "GET /phpmyadmin/js/vendor/jquery/jquery.ba-hashchange-1.3.js?v=5.0.1 HTTP/1.1" 200 16522
::1 - - [20/Mar/2020:16:42:35 +0100] "GET /phpmyadmin/js/vendor/jquery/jquery-ui-timepicker-addon.js?v=5.0.1 HTTP/1.1" 200 78475
::1 - - [20/Mar/2020:16:42:35 +0100] "GET /phpmyadmin/js/vendor/jquery/jquery.debounce-1.0.5.js?v=5.0.1 HTTP/1.1" 200 1169
::1 - - [20/Mar/2020:16:42:35 +0100] "GET /phpmyadmin/js/vendor/js.cookie.js?v=5.0.1 HTTP/1.1" 200 3883
::1 - - [20/Mar/2020:16:42:35 +0100] "GET /phpmyadmin/js/cross_framing_protection.js?v=5.0.1 HTTP/1.1" 200 465
::1 - - [20/Mar/2020:16:42:35 +0100] "GET /phpmyadmin/js/rte.js?v=5.0.1 HTTP/1.1" 200 47818
::1 - - [20/Mar/2020:16:42:35 +0100] "GET /phpmyadmin/js/vendor/tracekit.js?v=5.0.1 HTTP/1.1" 200 45389
::1 - - [20/Mar/2020:16:42:35 +0100] "GET /phpmyadmin/js/error_report.js?v=5.0.1 HTTP/1.1" 200 10858
::1 - - [20/Mar/2020:16:42:35 +0100] "GET /phpmyadmin/js/config.js?v=5.0.1 HTTP/1.1" 200 27402
::1 - - [20/Mar/2020:16:42:35 +0100] "GET /phpmyadmin/js/menu_resizer.js?v=5.0.1 HTTP/1.1" 200 8276
::1 - - [20/Mar/2020:16:42:35 +0100] "GET /phpmyadmin/js/doclinks.js?v=5.0.1 HTTP/1.1" 200 18970
::1 - - [20/Mar/2020:16:42:35 +0100] "GET /phpmyadmin/js/functions.js?v=5.0.1 HTTP/1.1" 200 177699
::1 - - [20/Mar/2020:16:42:35 +0100] "GET /phpmyadmin/js/indexes.js?v=5.0.1 HTTP/1.1" 200 29379
::1 - - [20/Mar/2020:16:42:35 +0100] "GET /phpmyadmin/js/navigation.js?v=5.0.1 HTTP/1.1" 200 62743
::1 - - [20/Mar/2020:16:42:35 +0100] "GET /phpmyadmin/js/common.js?v=5.0.1 HTTP/1.1" 200 4662
::1 - - [20/Mar/2020:16:42:35 +0100] "GET /phpmyadmin/js/page_settings.js?v=5.0.1 HTTP/1.1" 200 1746
::1 - - [20/Mar/2020:16:42:35 +0100] "GET /phpmyadmin/js/drag_drop_import.js?v=5.0.1 HTTP/1.1" 200 14528
::1 - - [20/Mar/2020:16:42:35 +0100] "GET /phpmyadmin/js/shortcuts_handler.js?v=5.0.1 HTTP/1.1" 200 3379
::1 - - [20/Mar/2020:16:42:35 +0100] "GET /phpmyadmin/js/vendor/codemirror/mode/sql/sql.js?v=5.0.1 HTTP/1.1" 200 47451
::1 - - [20/Mar/2020:16:42:35 +0100] "GET /phpmyadmin/js/vendor/codemirror/addon/runmode/runmode.js?v=5.0.1 HTTP/1.1" 200 2500
::1 - - [20/Mar/2020:16:42:35 +0100] "GET /phpmyadmin/js/vendor/codemirror/lib/codemirror.js?v=5.0.1 HTTP/1.1" 200 395660
::1 - - [20/Mar/2020:16:42:35 +0100] "GET /phpmyadmin/js/vendor/codemirror/addon/hint/show-hint.js?v=5.0.1 HTTP/1.1" 200 17378
::1 - - [20/Mar/2020:16:42:35 +0100] "GET /phpmyadmin/js/vendor/codemirror/addon/hint/sql-hint.js?v=5.0.1 HTTP/1.1" 200 9599
::1 - - [20/Mar/2020:16:42:35 +0100] "GET /phpmyadmin/js/vendor/codemirror/addon/lint/lint.js?v=5.0.1 HTTP/1.1" 200 8610
::1 - - [20/Mar/2020:16:42:35 +0100] "GET /phpmyadmin/js/codemirror/addon/lint/sql-lint.js?v=5.0.1 HTTP/1.1" 200 1156
::1 - - [20/Mar/2020:16:42:35 +0100] "GET /phpmyadmin/js/console.js?v=5.0.1 HTTP/1.1" 200 57024
::1 - - [20/Mar/2020:16:42:35 +0100] "GET /phpmyadmin/themes/dot.gif HTTP/1.1" 200 43
::1 - - [20/Mar/2020:16:42:35 +0100] "GET /phpmyadmin/themes/pmahomme/css/printview.css?v=5.0.1 HTTP/1.1" 200 1455
::1 - - [20/Mar/2020:16:42:35 +0100] "GET /phpmyadmin/js/messages.php?l=fr&v=5.0.1 HTTP/1.1" 200 10013
::1 - - [20/Mar/2020:16:42:35 +0100] "GET /phpmyadmin/ HTTP/1.1" 200 2288
::1 - - [20/Mar/2020:16:42:35 +0100] "GET /phpmyadmin/js/whitelist.php?v=5.0.1 HTTP/1.1" 200 478
::1 - - [20/Mar/2020:16:42:36 +0100] "GET /phpmyadmin/themes/pmahomme/img/s_error.png HTTP/1.1" 200 614
::1 - - [20/Mar/2020:16:42:36 +0100] "GET /phpmyadmin/themes/pmahomme/img/b_help.png HTTP/1.1" 200 705
::1 - - [20/Mar/2020:16:42:36 +0100] "GET /phpmyadmin/ HTTP/1.1" 200 2288
::1 - - [20/Mar/2020:16:42:36 +0100] "GET /phpmyadmin/ HTTP/1.1" 200 2288
::1 - - [20/Mar/2020:16:42:36 +0100] "GET /phpmyadmin/themes/pmahomme/jquery/jquery-ui.css HTTP/1.1" 200 36566
::1 - - [20/Mar/2020:16:42:36 +0100] "GET /phpmyadmin/js/vendor/codemirror/lib/codemirror.css?v=5.0.1 HTTP/1.1" 200 8705
::1 - - [20/Mar/2020:16:42:36 +0100] "GET /phpmyadmin/js/vendor/codemirror/addon/hint/show-hint.css?v=5.0.1 HTTP/1.1" 200 623
::1 - - [20/Mar/2020:16:42:36 +0100] "GET /phpmyadmin/js/vendor/codemirror/addon/lint/lint.css?v=5.0.1 HTTP/1.1" 200 2999
::1 - - [20/Mar/2020:16:42:36 +0100] "GET /phpmyadmin/js/vendor/jquery/jquery.min.js?v=5.0.1 HTTP/1.1" 200 88145
::1 - - [20/Mar/2020:16:42:36 +0100] "GET /phpmyadmin/themes/pmahomme/css/theme.css?v=5.0.1&nocache=4604068693ltr&server=1 HTTP/1.1" 200 100397
::1 - - [20/Mar/2020:16:42:36 +0100] "GET /phpmyadmin/js/vendor/sprintf.js?v=5.0.1 HTTP/1.1" 200 7387
::1 - - [20/Mar/2020:16:42:36 +0100] "GET /phpmyadmin/js/ajax.js?v=5.0.1 HTTP/1.1" 200 36644
::1 - - [20/Mar/2020:16:42:36 +0100] "GET /phpmyadmin/js/vendor/jquery/jquery-migrate.js?v=5.0.1 HTTP/1.1" 200 19092
::1 - - [20/Mar/2020:16:42:36 +0100] "GET /phpmyadmin/js/keyhandler.js?v=5.0.1 HTTP/1.1" 200 3337
::1 - - [20/Mar/2020:16:42:36 +0100] "GET /phpmyadmin/js/vendor/bootstrap/bootstrap.bundle.min.js?v=5.0.1 HTTP/1.1" 200 78635
::1 - - [20/Mar/2020:16:42:36 +0100] "GET /phpmyadmin/js/vendor/jquery/jquery-ui.min.js?v=5.0.1 HTTP/1.1" 200 253681
::1 - - [20/Mar/2020:16:42:36 +0100] "GET /phpmyadmin/js/vendor/jquery/jquery.mousewheel.js?v=5.0.1 HTTP/1.1" 200 8267
::1 - - [20/Mar/2020:16:42:36 +0100] "GET /phpmyadmin/js/vendor/js.cookie.js?v=5.0.1 HTTP/1.1" 200 3883
::1 - - [20/Mar/2020:16:42:36 +0100] "GET /phpmyadmin/js/vendor/jquery/jquery.event.drag-2.2.js?v=5.0.1 HTTP/1.1" 200 12826
::1 - - [20/Mar/2020:16:42:36 +0100] "GET /phpmyadmin/js/vendor/jquery/jquery-ui-timepicker-addon.js?v=5.0.1 HTTP/1.1" 200 78475
::1 - - [20/Mar/2020:16:42:36 +0100] "GET /phpmyadmin/js/vendor/jquery/jquery.ba-hashchange-1.3.js?v=5.0.1 HTTP/1.1" 200 16522
::1 - - [20/Mar/2020:16:42:36 +0100] "GET /phpmyadmin/js/vendor/jquery/jquery.validate.js?v=5.0.1 HTTP/1.1" 200 50690
::1 - - [20/Mar/2020:16:42:36 +0100] "GET /phpmyadmin/js/vendor/jquery/jquery.debounce-1.0.5.js?v=5.0.1 HTTP/1.1" 200 1169
::1 - - [20/Mar/2020:16:42:36 +0100] "GET /phpmyadmin/js/menu_resizer.js?v=5.0.1 HTTP/1.1" 200 8276
::1 - - [20/Mar/2020:16:42:36 +0100] "GET /phpmyadmin/js/cross_framing_protection.js?v=5.0.1 HTTP/1.1" 200 465
::1 - - [20/Mar/2020:16:42:36 +0100] "GET /phpmyadmin/js/rte.js?v=5.0.1 HTTP/1.1" 200 47818
::1 - - [20/Mar/2020:16:42:36 +0100] "GET /phpmyadmin/js/vendor/tracekit.js?v=5.0.1 HTTP/1.1" 200 45389
::1 - - [20/Mar/2020:16:42:36 +0100] "GET /phpmyadmin/js/error_report.js?v=5.0.1 HTTP/1.1" 200 10858
::1 - - [20/Mar/2020:16:42:36 +0100] "GET /phpmyadmin/js/config.js?v=5.0.1 HTTP/1.1" 200 27402
::1 - - [20/Mar/2020:16:42:36 +0100] "GET /phpmyadmin/js/doclinks.js?v=5.0.1 HTTP/1.1" 200 18970
::1 - - [20/Mar/2020:16:42:36 +0100] "GET /phpmyadmin/js/navigation.js?v=5.0.1 HTTP/1.1" 200 62743
::1 - - [20/Mar/2020:16:42:36 +0100] "GET /phpmyadmin/js/functions.js?v=5.0.1 HTTP/1.1" 200 177699
::1 - - [20/Mar/2020:16:42:36 +0100] "GET /phpmyadmin/js/indexes.js?v=5.0.1 HTTP/1.1" 200 29379
::1 - - [20/Mar/2020:16:42:36 +0100] "GET /phpmyadmin/js/common.js?v=5.0.1 HTTP/1.1" 200 4662
::1 - - [20/Mar/2020:16:42:36 +0100] "GET /phpmyadmin/js/page_settings.js?v=5.0.1 HTTP/1.1" 200 1746
::1 - - [20/Mar/2020:16:42:36 +0100] "GET /phpmyadmin/js/drag_drop_import.js?v=5.0.1 HTTP/1.1" 200 14528
::1 - - [20/Mar/2020:16:42:36 +0100] "GET /phpmyadmin/js/shortcuts_handler.js?v=5.0.1 HTTP/1.1" 200 3379
::1 - - [20/Mar/2020:16:42:36 +0100] "GET /phpmyadmin/js/vendor/codemirror/mode/sql/sql.js?v=5.0.1 HTTP/1.1" 200 47451
::1 - - [20/Mar/2020:16:42:36 +0100] "GET /phpmyadmin/js/vendor/codemirror/lib/codemirror.js?v=5.0.1 HTTP/1.1" 200 395660
::1 - - [20/Mar/2020:16:42:36 +0100] "GET /phpmyadmin/js/vendor/codemirror/addon/runmode/runmode.js?v=5.0.1 HTTP/1.1" 200 2500
::1 - - [20/Mar/2020:16:42:36 +0100] "GET /phpmyadmin/js/vendor/codemirror/addon/hint/show-hint.js?v=5.0.1 HTTP/1.1" 200 17378
::1 - - [20/Mar/2020:16:42:36 +0100] "GET /phpmyadmin/js/vendor/codemirror/addon/hint/sql-hint.js?v=5.0.1 HTTP/1.1" 200 9599
::1 - - [20/Mar/2020:16:42:36 +0100] "GET /phpmyadmin/js/vendor/codemirror/addon/lint/lint.js?v=5.0.1 HTTP/1.1" 200 8610
::1 - - [20/Mar/2020:16:42:36 +0100] "GET /phpmyadmin/js/codemirror/addon/lint/sql-lint.js?v=5.0.1 HTTP/1.1" 200 1156
::1 - - [20/Mar/2020:16:42:36 +0100] "GET /phpmyadmin/js/console.js?v=5.0.1 HTTP/1.1" 200 57024
::1 - - [20/Mar/2020:16:42:36 +0100] "GET /phpmyadmin/themes/dot.gif HTTP/1.1" 200 43
::1 - - [20/Mar/2020:16:42:36 +0100] "GET /phpmyadmin/themes/pmahomme/css/printview.css?v=5.0.1 HTTP/1.1" 200 1455
::1 - - [20/Mar/2020:16:42:36 +0100] "GET /phpmyadmin/js/whitelist.php?v=5.0.1 HTTP/1.1" 200 478
::1 - - [20/Mar/2020:16:42:36 +0100] "GET /phpmyadmin/js/messages.php?l=fr&v=5.0.1 HTTP/1.1" 200 10013
::1 - - [20/Mar/2020:16:42:36 +0100] "GET /phpmyadmin/themes/pmahomme/img/b_help.png HTTP/1.1" 200 705
::1 - - [20/Mar/2020:16:42:36 +0100] "GET /phpmyadmin/themes/pmahomme/img/s_error.png HTTP/1.1" 200 614
::1 - - [20/Mar/2020:16:42:36 +0100] "GET /phpmyadmin/ HTTP/1.1" 200 2288
::1 - - [20/Mar/2020:16:42:36 +0100] "GET /phpmyadmin/favicon.ico HTTP/1.1" 200 22486
::1 - - [20/Mar/2020:16:42:36 +0100] "GET /phpmyadmin/themes/pmahomme/jquery/jquery-ui.css HTTP/1.1" 200 36566
::1 - - [20/Mar/2020:16:42:36 +0100] "GET /phpmyadmin/js/vendor/codemirror/lib/codemirror.css?v=5.0.1 HTTP/1.1" 200 8705
::1 - - [20/Mar/2020:16:42:36 +0100] "GET /phpmyadmin/js/vendor/codemirror/addon/lint/lint.css?v=5.0.1 HTTP/1.1" 200 2999
::1 - - [20/Mar/2020:16:42:36 +0100] "GET /phpmyadmin/js/vendor/codemirror/addon/hint/show-hint.css?v=5.0.1 HTTP/1.1" 200 623
::1 - - [20/Mar/2020:16:42:36 +0100] "GET /phpmyadmin/themes/pmahomme/css/theme.css?v=5.0.1&nocache=4604068693ltr&server=1 HTTP/1.1" 200 100397
::1 - - [20/Mar/2020:16:42:36 +0100] "GET /phpmyadmin/js/vendor/jquery/jquery.min.js?v=5.0.1 HTTP/1.1" 200 88145
::1 - - [20/Mar/2020:16:42:36 +0100] "GET /phpmyadmin/js/vendor/jquery/jquery-migrate.js?v=5.0.1 HTTP/1.1" 200 19092
::1 - - [20/Mar/2020:16:42:36 +0100] "GET /phpmyadmin/js/vendor/sprintf.js?v=5.0.1 HTTP/1.1" 200 7387
::1 - - [20/Mar/2020:16:42:36 +0100] "GET /phpmyadmin/js/ajax.js?v=5.0.1 HTTP/1.1" 200 36644
::1 - - [20/Mar/2020:16:42:36 +0100] "GET /phpmyadmin/js/keyhandler.js?v=5.0.1 HTTP/1.1" 200 3337
::1 - - [20/Mar/2020:16:42:36 +0100] "GET /phpmyadmin/js/vendor/bootstrap/bootstrap.bundle.min.js?v=5.0.1 HTTP/1.1" 200 78635
::1 - - [20/Mar/2020:16:42:36 +0100] "GET /phpmyadmin/js/vendor/js.cookie.js?v=5.0.1 HTTP/1.1" 200 3883
::1 - - [20/Mar/2020:16:42:36 +0100] "GET /phpmyadmin/js/vendor/jquery/jquery-ui.min.js?v=5.0.1 HTTP/1.1" 200 253681
::1 - - [20/Mar/2020:16:42:36 +0100] "GET /phpmyadmin/js/vendor/jquery/jquery.event.drag-2.2.js?v=5.0.1 HTTP/1.1" 200 12826
::1 - - [20/Mar/2020:16:42:36 +0100] "GET /phpmyadmin/js/vendor/jquery/jquery.mousewheel.js?v=5.0.1 HTTP/1.1" 200 8267
::1 - - [20/Mar/2020:16:42:36 +0100] "GET /phpmyadmin/js/vendor/jquery/jquery-ui-timepicker-addon.js?v=5.0.1 HTTP/1.1" 200 78475
::1 - - [20/Mar/2020:16:42:36 +0100] "GET /phpmyadmin/js/vendor/jquery/jquery.validate.js?v=5.0.1 HTTP/1.1" 200 50690
::1 - - [20/Mar/2020:16:42:36 +0100] "GET /phpmyadmin/js/vendor/jquery/jquery.ba-hashchange-1.3.js?v=5.0.1 HTTP/1.1" 200 16522
::1 - - [20/Mar/2020:16:42:36 +0100] "GET /phpmyadmin/js/menu_resizer.js?v=5.0.1 HTTP/1.1" 200 8276
::1 - - [20/Mar/2020:16:42:36 +0100] "GET /phpmyadmin/js/vendor/jquery/jquery.debounce-1.0.5.js?v=5.0.1 HTTP/1.1" 200 1169
::1 - - [20/Mar/2020:16:42:36 +0100] "GET /phpmyadmin/js/cross_framing_protection.js?v=5.0.1 HTTP/1.1" 200 465
::1 - - [20/Mar/2020:16:42:36 +0100] "GET /phpmyadmin/js/rte.js?v=5.0.1 HTTP/1.1" 200 47818
::1 - - [20/Mar/2020:16:42:36 +0100] "GET /phpmyadmin/js/vendor/tracekit.js?v=5.0.1 HTTP/1.1" 200 45389
::1 - - [20/Mar/2020:16:42:36 +0100] "GET /phpmyadmin/js/error_report.js?v=5.0.1 HTTP/1.1" 200 10858
::1 - - [20/Mar/2020:16:42:36 +0100] "GET /phpmyadmin/js/config.js?v=5.0.1 HTTP/1.1" 200 27402
::1 - - [20/Mar/2020:16:42:36 +0100] "GET /phpmyadmin/js/doclinks.js?v=5.0.1 HTTP/1.1" 200 18970
::1 - - [20/Mar/2020:16:42:36 +0100] "GET /phpmyadmin/js/functions.js?v=5.0.1 HTTP/1.1" 200 177699
::1 - - [20/Mar/2020:16:42:36 +0100] "GET /phpmyadmin/js/navigation.js?v=5.0.1 HTTP/1.1" 200 62743
::1 - - [20/Mar/2020:16:42:36 +0100] "GET /phpmyadmin/js/indexes.js?v=5.0.1 HTTP/1.1" 200 29379
::1 - - [20/Mar/2020:16:42:36 +0100] "GET /phpmyadmin/js/common.js?v=5.0.1 HTTP/1.1" 200 4662
::1 - - [20/Mar/2020:16:42:36 +0100] "GET /phpmyadmin/js/page_settings.js?v=5.0.1 HTTP/1.1" 200 1746
::1 - - [20/Mar/2020:16:42:36 +0100] "GET /phpmyadmin/js/drag_drop_import.js?v=5.0.1 HTTP/1.1" 200 14528
::1 - - [20/Mar/2020:16:42:36 +0100] "GET /phpmyadmin/js/shortcuts_handler.js?v=5.0.1 HTTP/1.1" 200 3379
::1 - - [20/Mar/2020:16:42:36 +0100] "GET /phpmyadmin/js/vendor/codemirror/mode/sql/sql.js?v=5.0.1 HTTP/1.1" 200 47451
::1 - - [20/Mar/2020:16:42:36 +0100] "GET /phpmyadmin/js/vendor/codemirror/addon/runmode/runmode.js?v=5.0.1 HTTP/1.1" 200 2500
::1 - - [20/Mar/2020:16:42:36 +0100] "GET /phpmyadmin/js/vendor/codemirror/lib/codemirror.js?v=5.0.1 HTTP/1.1" 200 395660
::1 - - [20/Mar/2020:16:42:36 +0100] "GET /phpmyadmin/js/vendor/codemirror/addon/hint/show-hint.js?v=5.0.1 HTTP/1.1" 200 17378
::1 - - [20/Mar/2020:16:42:36 +0100] "GET /phpmyadmin/js/vendor/codemirror/addon/hint/sql-hint.js?v=5.0.1 HTTP/1.1" 200 9599
::1 - - [20/Mar/2020:16:42:36 +0100] "GET /phpmyadmin/js/vendor/codemirror/addon/lint/lint.js?v=5.0.1 HTTP/1.1" 200 8610
::1 - - [20/Mar/2020:16:42:36 +0100] "GET /phpmyadmin/js/codemirror/addon/lint/sql-lint.js?v=5.0.1 HTTP/1.1" 200 1156
::1 - - [20/Mar/2020:16:42:36 +0100] "GET /phpmyadmin/js/console.js?v=5.0.1 HTTP/1.1" 200 57024
::1 - - [20/Mar/2020:16:42:36 +0100] "GET /phpmyadmin/themes/dot.gif HTTP/1.1" 200 43
::1 - - [20/Mar/2020:16:42:36 +0100] "GET /phpmyadmin/themes/pmahomme/css/printview.css?v=5.0.1 HTTP/1.1" 200 1455
::1 - - [20/Mar/2020:16:42:36 +0100] "GET /phpmyadmin/js/whitelist.php?v=5.0.1 HTTP/1.1" 200 478
::1 - - [20/Mar/2020:16:42:36 +0100] "GET /phpmyadmin/js/messages.php?l=fr&v=5.0.1 HTTP/1.1" 200 10013
::1 - - [20/Mar/2020:16:42:36 +0100] "GET /phpmyadmin/themes/pmahomme/img/b_help.png HTTP/1.1" 200 705
::1 - - [20/Mar/2020:16:42:36 +0100] "GET /phpmyadmin/themes/pmahomme/img/s_error.png HTTP/1.1" 200 614
::1 - - [20/Mar/2020:16:42:40 +0100] "GET /phpmyadmin/js/vendor/bootstrap/bootstrap.bundle.min.js.map HTTP/1.1" 200 311949
::1 - - [20/Mar/2020:16:42:40 +0100] "GET /phpmyadmin/themes/pmahomme/css/theme.css.map HTTP/1.1" 200 27131
::1 - - [20/Mar/2020:16:42:40 +0100] "GET /phpmyadmin/themes/pmahomme/css/printview.css.map HTTP/1.1" 200 478
::1 - - [20/Mar/2020:16:42:44 +0100] "GET /phpmyadmin/ HTTP/1.1" 200 2288
::1 - - [20/Mar/2020:16:42:44 +0100] "GET /phpmyadmin/themes/pmahomme/jquery/jquery-ui.css HTTP/1.1" 200 36566
::1 - - [20/Mar/2020:16:42:44 +0100] "GET /phpmyadmin/js/vendor/codemirror/lib/codemirror.css?v=5.0.1 HTTP/1.1" 200 8705
::1 - - [20/Mar/2020:16:42:44 +0100] "GET /phpmyadmin/js/vendor/codemirror/addon/hint/show-hint.css?v=5.0.1 HTTP/1.1" 200 623
::1 - - [20/Mar/2020:16:42:44 +0100] "GET /phpmyadmin/js/vendor/codemirror/addon/lint/lint.css?v=5.0.1 HTTP/1.1" 200 2999
::1 - - [20/Mar/2020:16:42:44 +0100] "GET /phpmyadmin/themes/pmahomme/css/theme.css?v=5.0.1&nocache=4604068693ltr&server=1 HTTP/1.1" 200 100397
::1 - - [20/Mar/2020:16:42:44 +0100] "GET /phpmyadmin/js/vendor/jquery/jquery.min.js?v=5.0.1 HTTP/1.1" 200 88145
::1 - - [20/Mar/2020:16:42:44 +0100] "GET /phpmyadmin/js/vendor/jquery/jquery-migrate.js?v=5.0.1 HTTP/1.1" 200 19092
::1 - - [20/Mar/2020:16:42:44 +0100] "GET /phpmyadmin/js/vendor/sprintf.js?v=5.0.1 HTTP/1.1" 200 7387
::1 - - [20/Mar/2020:16:42:44 +0100] "GET /phpmyadmin/js/ajax.js?v=5.0.1 HTTP/1.1" 200 36644
::1 - - [20/Mar/2020:16:42:44 +0100] "GET /phpmyadmin/js/keyhandler.js?v=5.0.1 HTTP/1.1" 200 3337
::1 - - [20/Mar/2020:16:42:44 +0100] "GET /phpmyadmin/js/vendor/bootstrap/bootstrap.bundle.min.js?v=5.0.1 HTTP/1.1" 200 78635
::1 - - [20/Mar/2020:16:42:44 +0100] "GET /phpmyadmin/js/vendor/js.cookie.js?v=5.0.1 HTTP/1.1" 200 3883
::1 - - [20/Mar/2020:16:42:44 +0100] "GET /phpmyadmin/js/vendor/jquery/jquery-ui.min.js?v=5.0.1 HTTP/1.1" 200 253681
::1 - - [20/Mar/2020:16:42:44 +0100] "GET /phpmyadmin/js/vendor/jquery/jquery.mousewheel.js?v=5.0.1 HTTP/1.1" 200 8267
::1 - - [20/Mar/2020:16:42:44 +0100] "GET /phpmyadmin/js/vendor/jquery/jquery.event.drag-2.2.js?v=5.0.1 HTTP/1.1" 200 12826
::1 - - [20/Mar/2020:16:42:44 +0100] "GET /phpmyadmin/js/vendor/jquery/jquery.validate.js?v=5.0.1 HTTP/1.1" 200 50690
::1 - - [20/Mar/2020:16:42:44 +0100] "GET /phpmyadmin/js/vendor/jquery/jquery.debounce-1.0.5.js?v=5.0.1 HTTP/1.1" 200 1169
::1 - - [20/Mar/2020:16:42:44 +0100] "GET /phpmyadmin/js/vendor/jquery/jquery-ui-timepicker-addon.js?v=5.0.1 HTTP/1.1" 200 78475
::1 - - [20/Mar/2020:16:42:44 +0100] "GET /phpmyadmin/js/menu_resizer.js?v=5.0.1 HTTP/1.1" 200 8276
::1 - - [20/Mar/2020:16:42:44 +0100] "GET /phpmyadmin/js/vendor/jquery/jquery.ba-hashchange-1.3.js?v=5.0.1 HTTP/1.1" 200 16522
::1 - - [20/Mar/2020:16:42:44 +0100] "GET /phpmyadmin/js/cross_framing_protection.js?v=5.0.1 HTTP/1.1" 200 465
::1 - - [20/Mar/2020:16:42:44 +0100] "GET /phpmyadmin/js/rte.js?v=5.0.1 HTTP/1.1" 200 47818
::1 - - [20/Mar/2020:16:42:44 +0100] "GET /phpmyadmin/js/vendor/tracekit.js?v=5.0.1 HTTP/1.1" 200 45389
::1 - - [20/Mar/2020:16:42:44 +0100] "GET /phpmyadmin/js/config.js?v=5.0.1 HTTP/1.1" 200 27402
::1 - - [20/Mar/2020:16:42:44 +0100] "GET /phpmyadmin/js/error_report.js?v=5.0.1 HTTP/1.1" 200 10858
::1 - - [20/Mar/2020:16:42:44 +0100] "GET /phpmyadmin/js/doclinks.js?v=5.0.1 HTTP/1.1" 200 18970
::1 - - [20/Mar/2020:16:42:44 +0100] "GET /phpmyadmin/js/navigation.js?v=5.0.1 HTTP/1.1" 200 62743
::1 - - [20/Mar/2020:16:42:44 +0100] "GET /phpmyadmin/js/indexes.js?v=5.0.1 HTTP/1.1" 200 29379
::1 - - [20/Mar/2020:16:42:44 +0100] "GET /phpmyadmin/js/functions.js?v=5.0.1 HTTP/1.1" 200 177699
::1 - - [20/Mar/2020:16:42:44 +0100] "GET /phpmyadmin/js/common.js?v=5.0.1 HTTP/1.1" 200 4662
::1 - - [20/Mar/2020:16:42:44 +0100] "GET /phpmyadmin/js/page_settings.js?v=5.0.1 HTTP/1.1" 200 1746
::1 - - [20/Mar/2020:16:42:44 +0100] "GET /phpmyadmin/js/drag_drop_import.js?v=5.0.1 HTTP/1.1" 200 14528
::1 - - [20/Mar/2020:16:42:44 +0100] "GET /phpmyadmin/js/shortcuts_handler.js?v=5.0.1 HTTP/1.1" 200 3379
::1 - - [20/Mar/2020:16:42:44 +0100] "GET /phpmyadmin/js/vendor/codemirror/addon/hint/show-hint.js?v=5.0.1 HTTP/1.1" 200 17378
::1 - - [20/Mar/2020:16:42:44 +0100] "GET /phpmyadmin/js/vendor/codemirror/mode/sql/sql.js?v=5.0.1 HTTP/1.1" 200 47451
::1 - - [20/Mar/2020:16:42:44 +0100] "GET /phpmyadmin/js/vendor/codemirror/addon/runmode/runmode.js?v=5.0.1 HTTP/1.1" 200 2500
::1 - - [20/Mar/2020:16:42:44 +0100] "GET /phpmyadmin/js/vendor/codemirror/lib/codemirror.js?v=5.0.1 HTTP/1.1" 200 395660
::1 - - [20/Mar/2020:16:42:44 +0100] "GET /phpmyadmin/js/vendor/codemirror/addon/hint/sql-hint.js?v=5.0.1 HTTP/1.1" 200 9599
::1 - - [20/Mar/2020:16:42:44 +0100] "GET /phpmyadmin/js/vendor/codemirror/addon/lint/lint.js?v=5.0.1 HTTP/1.1" 200 8610
::1 - - [20/Mar/2020:16:42:44 +0100] "GET /phpmyadmin/js/codemirror/addon/lint/sql-lint.js?v=5.0.1 HTTP/1.1" 200 1156
::1 - - [20/Mar/2020:16:42:44 +0100] "GET /phpmyadmin/js/console.js?v=5.0.1 HTTP/1.1" 200 57024
::1 - - [20/Mar/2020:16:42:44 +0100] "GET /phpmyadmin/themes/dot.gif HTTP/1.1" 200 43
::1 - - [20/Mar/2020:16:42:44 +0100] "GET /phpmyadmin/themes/pmahomme/css/printview.css?v=5.0.1 HTTP/1.1" 200 1455
::1 - - [20/Mar/2020:16:42:44 +0100] "GET /phpmyadmin/js/whitelist.php?v=5.0.1 HTTP/1.1" 200 478
::1 - - [20/Mar/2020:16:42:44 +0100] "GET /phpmyadmin/js/messages.php?l=fr&v=5.0.1 HTTP/1.1" 200 10013
::1 - - [20/Mar/2020:16:42:44 +0100] "GET /phpmyadmin/themes/pmahomme/img/b_help.png HTTP/1.1" 200 705
::1 - - [20/Mar/2020:16:42:44 +0100] "GET /phpmyadmin/themes/pmahomme/img/s_error.png HTTP/1.1" 200 614
::1 - - [20/Mar/2020:16:42:44 +0100] "GET /phpmyadmin/favicon.ico HTTP/1.1" 200 22486
::1 - - [20/Mar/2020:16:44:24 +0100] "GET /phpmyadmin/ HTTP/1.1" 200 2288
::1 - - [20/Mar/2020:16:44:28 +0100] "GET /phpmyadmin/index.php HTTP/1.1" 200 2288
::1 - - [20/Mar/2020:16:44:29 +0100] "GET /phpmyadmin/index.php HTTP/1.1" 200 2288
::1 - - [20/Mar/2020:16:44:29 +0100] "GET /phpmyadmin/index.php HTTP/1.1" 200 2288
::1 - - [20/Mar/2020:16:44:30 +0100] "GET /phpmyadmin/index.php HTTP/1.1" 200 2288
::1 - - [20/Mar/2020:16:48:47 +0100] "GET /phpmyadmin HTTP/1.1" 301 342
::1 - - [20/Mar/2020:16:50:28 +0100] "GET /phpmyadmin/ HTTP/1.1" 200 3588
::1 - - [20/Mar/2020:16:50:28 +0100] "GET /phpmyadmin/themes/pmahomme/css/theme.css?v=5.0.1&nocache=4741617705ltr&server=1 HTTP/1.1" 200 100397
::1 - - [20/Mar/2020:16:50:28 +0100] "GET /phpmyadmin/themes/pmahomme/img/logo_right.png HTTP/1.1" 200 4306
::1 - - [20/Mar/2020:16:51:09 +0100] "POST /phpmyadmin/index.php HTTP/1.1" 200 3661
::1 - - [20/Mar/2020:16:51:29 +0100] "\x16\x03\x01\x02" 400 984
::1 - - [20/Mar/2020:16:51:29 +0100] "\x16\x03\x01\x02" 400 984
::1 - - [20/Mar/2020:16:51:35 +0100] "\x16\x03\x01\x02" 400 984
::1 - - [20/Mar/2020:16:51:35 +0100] "\x16\x03\x01\x02" 400 984
::1 - - [20/Mar/2020:16:51:45 +0100] "GET /phpmyadmin/index.php HTTP/1.1" 200 3589
::1 - - [20/Mar/2020:16:52:19 +0100] "GET /phpmyadmin/ HTTP/1.1" 200 3589
::1 - - [20/Mar/2020:16:52:28 +0100] "POST /phpmyadmin/index.php HTTP/1.1" 200 3656
::1 - - [20/Mar/2020:16:52:32 +0100] "POST /phpmyadmin/index.php HTTP/1.1" 200 3660
::1 - - [20/Mar/2020:16:53:18 +0100] "GET /phpmyadmin/index.php HTTP/1.1" 200 3588
::1 - - [20/Mar/2020:16:53:18 +0100] "GET /phpmyadmin/themes/pmahomme/jquery/jquery-ui.css HTTP/1.1" 200 36566
::1 - - [20/Mar/2020:16:53:18 +0100] "GET /phpmyadmin/js/vendor/codemirror/lib/codemirror.css?v=5.0.1 HTTP/1.1" 200 8705
::1 - - [20/Mar/2020:16:53:18 +0100] "GET /phpmyadmin/js/vendor/codemirror/addon/hint/show-hint.css?v=5.0.1 HTTP/1.1" 200 623
::1 - - [20/Mar/2020:16:53:18 +0100] "GET /phpmyadmin/js/vendor/codemirror/addon/lint/lint.css?v=5.0.1 HTTP/1.1" 200 2999
::1 - - [20/Mar/2020:16:53:18 +0100] "GET /phpmyadmin/themes/pmahomme/css/theme.css?v=5.0.1&nocache=4741617901ltr&server=1 HTTP/1.1" 200 100397
::1 - - [20/Mar/2020:16:53:18 +0100] "GET /phpmyadmin/js/vendor/jquery/jquery.min.js?v=5.0.1 HTTP/1.1" 200 88145
::1 - - [20/Mar/2020:16:53:18 +0100] "GET /phpmyadmin/js/vendor/jquery/jquery-migrate.js?v=5.0.1 HTTP/1.1" 200 19092
::1 - - [20/Mar/2020:16:53:18 +0100] "GET /phpmyadmin/js/vendor/sprintf.js?v=5.0.1 HTTP/1.1" 200 7387
::1 - - [20/Mar/2020:16:53:18 +0100] "GET /phpmyadmin/js/ajax.js?v=5.0.1 HTTP/1.1" 200 36644
::1 - - [20/Mar/2020:16:53:18 +0100] "GET /phpmyadmin/js/keyhandler.js?v=5.0.1 HTTP/1.1" 200 3337
::1 - - [20/Mar/2020:16:53:18 +0100] "GET /phpmyadmin/js/vendor/bootstrap/bootstrap.bundle.min.js?v=5.0.1 HTTP/1.1" 200 78635
::1 - - [20/Mar/2020:16:53:18 +0100] "GET /phpmyadmin/js/vendor/jquery/jquery-ui.min.js?v=5.0.1 HTTP/1.1" 200 253681
::1 - - [20/Mar/2020:16:53:18 +0100] "GET /phpmyadmin/js/vendor/js.cookie.js?v=5.0.1 HTTP/1.1" 200 3883
::1 - - [20/Mar/2020:16:53:18 +0100] "GET /phpmyadmin/js/vendor/jquery/jquery.event.drag-2.2.js?v=5.0.1 HTTP/1.1" 200 12826
::1 - - [20/Mar/2020:16:53:18 +0100] "GET /phpmyadmin/js/vendor/jquery/jquery.mousewheel.js?v=5.0.1 HTTP/1.1" 200 8267
::1 - - [20/Mar/2020:16:53:18 +0100] "GET /phpmyadmin/js/vendor/jquery/jquery.validate.js?v=5.0.1 HTTP/1.1" 200 50690
::1 - - [20/Mar/2020:16:53:18 +0100] "GET /phpmyadmin/js/menu_resizer.js?v=5.0.1 HTTP/1.1" 200 8276
::1 - - [20/Mar/2020:16:53:18 +0100] "GET /phpmyadmin/js/vendor/jquery/jquery-ui-timepicker-addon.js?v=5.0.1 HTTP/1.1" 200 78475
::1 - - [20/Mar/2020:16:53:18 +0100] "GET /phpmyadmin/js/vendor/jquery/jquery.debounce-1.0.5.js?v=5.0.1 HTTP/1.1" 200 1169
::1 - - [20/Mar/2020:16:53:18 +0100] "GET /phpmyadmin/js/vendor/jquery/jquery.ba-hashchange-1.3.js?v=5.0.1 HTTP/1.1" 200 16522
::1 - - [20/Mar/2020:16:53:18 +0100] "GET /phpmyadmin/js/cross_framing_protection.js?v=5.0.1 HTTP/1.1" 200 465
::1 - - [20/Mar/2020:16:53:18 +0100] "GET /phpmyadmin/js/rte.js?v=5.0.1 HTTP/1.1" 200 47818
::1 - - [20/Mar/2020:16:53:18 +0100] "GET /phpmyadmin/js/vendor/tracekit.js?v=5.0.1 HTTP/1.1" 200 45389
::1 - - [20/Mar/2020:16:53:18 +0100] "GET /phpmyadmin/js/error_report.js?v=5.0.1 HTTP/1.1" 200 10858
::1 - - [20/Mar/2020:16:53:18 +0100] "GET /phpmyadmin/js/config.js?v=5.0.1 HTTP/1.1" 200 27402
::1 - - [20/Mar/2020:16:53:18 +0100] "GET /phpmyadmin/js/doclinks.js?v=5.0.1 HTTP/1.1" 200 18970
::1 - - [20/Mar/2020:16:53:18 +0100] "GET /phpmyadmin/js/navigation.js?v=5.0.1 HTTP/1.1" 200 62743
::1 - - [20/Mar/2020:16:53:18 +0100] "GET /phpmyadmin/js/functions.js?v=5.0.1 HTTP/1.1" 200 177699
::1 - - [20/Mar/2020:16:53:18 +0100] "GET /phpmyadmin/js/indexes.js?v=5.0.1 HTTP/1.1" 200 29379
::1 - - [20/Mar/2020:16:53:18 +0100] "GET /phpmyadmin/js/common.js?v=5.0.1 HTTP/1.1" 200 4662
::1 - - [20/Mar/2020:16:53:18 +0100] "GET /phpmyadmin/js/page_settings.js?v=5.0.1 HTTP/1.1" 200 1746
::1 - - [20/Mar/2020:16:53:18 +0100] "GET /phpmyadmin/js/drag_drop_import.js?v=5.0.1 HTTP/1.1" 200 14528
::1 - - [20/Mar/2020:16:53:18 +0100] "GET /phpmyadmin/js/shortcuts_handler.js?v=5.0.1 HTTP/1.1" 200 3379
::1 - - [20/Mar/2020:16:53:18 +0100] "GET /phpmyadmin/js/vendor/codemirror/lib/codemirror.js?v=5.0.1 HTTP/1.1" 200 395660
::1 - - [20/Mar/2020:16:53:18 +0100] "GET /phpmyadmin/js/vendor/codemirror/mode/sql/sql.js?v=5.0.1 HTTP/1.1" 200 47451
::1 - - [20/Mar/2020:16:53:18 +0100] "GET /phpmyadmin/js/vendor/codemirror/addon/hint/show-hint.js?v=5.0.1 HTTP/1.1" 200 17378
::1 - - [20/Mar/2020:16:53:18 +0100] "GET /phpmyadmin/js/vendor/codemirror/addon/runmode/runmode.js?v=5.0.1 HTTP/1.1" 200 2500
::1 - - [20/Mar/2020:16:53:18 +0100] "GET /phpmyadmin/js/vendor/codemirror/addon/hint/sql-hint.js?v=5.0.1 HTTP/1.1" 200 9599
::1 - - [20/Mar/2020:16:53:18 +0100] "GET /phpmyadmin/js/vendor/codemirror/addon/lint/lint.js?v=5.0.1 HTTP/1.1" 200 8610
::1 - - [20/Mar/2020:16:53:18 +0100] "GET /phpmyadmin/js/codemirror/addon/lint/sql-lint.js?v=5.0.1 HTTP/1.1" 200 1156
::1 - - [20/Mar/2020:16:53:18 +0100] "GET /phpmyadmin/js/console.js?v=5.0.1 HTTP/1.1" 200 57024
::1 - - [20/Mar/2020:16:53:18 +0100] "GET /phpmyadmin/themes/pmahomme/img/logo_right.png HTTP/1.1" 200 4306
::1 - - [20/Mar/2020:16:53:18 +0100] "GET /phpmyadmin/themes/dot.gif HTTP/1.1" 200 43
::1 - - [20/Mar/2020:16:53:18 +0100] "GET /phpmyadmin/themes/pmahomme/css/printview.css?v=5.0.1 HTTP/1.1" 200 1455
::1 - - [20/Mar/2020:16:53:18 +0100] "GET /phpmyadmin/js/whitelist.php?v=5.0.1 HTTP/1.1" 200 478
::1 - - [20/Mar/2020:16:53:18 +0100] "GET /phpmyadmin/js/messages.php?l=fr&v=5.0.1 HTTP/1.1" 200 10013
::1 - - [20/Mar/2020:16:53:18 +0100] "GET /phpmyadmin/themes/pmahomme/img/b_help.png HTTP/1.1" 200 705
::1 - - [20/Mar/2020:16:53:18 +0100] "GET /phpmyadmin/favicon.ico HTTP/1.1" 200 22486
::1 - - [20/Mar/2020:16:53:23 +0100] "POST /phpmyadmin/index.php HTTP/1.1" 200 3660
::1 - - [20/Mar/2020:16:54:46 +0100] "POST /phpmyadmin/index.php HTTP/1.1" 200 3680
::1 - - [20/Mar/2020:16:54:55 +0100] "GET /phpmyadmin/index.php HTTP/1.1" 200 3585
::1 - - [20/Mar/2020:16:54:55 +0100] "GET /phpmyadmin/themes/pmahomme/jquery/jquery-ui.css HTTP/1.1" 200 36566
::1 - - [20/Mar/2020:16:54:55 +0100] "GET /phpmyadmin/js/vendor/codemirror/lib/codemirror.css?v=5.0.1 HTTP/1.1" 200 8705
::1 - - [20/Mar/2020:16:54:55 +0100] "GET /phpmyadmin/themes/pmahomme/css/theme.css?v=5.0.1&nocache=4741617901ltr&server=1 HTTP/1.1" 200 100397
::1 - - [20/Mar/2020:16:54:55 +0100] "GET /phpmyadmin/js/vendor/codemirror/addon/hint/show-hint.css?v=5.0.1 HTTP/1.1" 200 623
::1 - - [20/Mar/2020:16:54:55 +0100] "GET /phpmyadmin/js/vendor/codemirror/addon/lint/lint.css?v=5.0.1 HTTP/1.1" 200 2999
::1 - - [20/Mar/2020:16:54:55 +0100] "GET /phpmyadmin/js/vendor/jquery/jquery.min.js?v=5.0.1 HTTP/1.1" 200 88145
::1 - - [20/Mar/2020:16:54:55 +0100] "GET /phpmyadmin/js/vendor/jquery/jquery-migrate.js?v=5.0.1 HTTP/1.1" 200 19092
::1 - - [20/Mar/2020:16:54:55 +0100] "GET /phpmyadmin/js/vendor/sprintf.js?v=5.0.1 HTTP/1.1" 200 7387
::1 - - [20/Mar/2020:16:54:55 +0100] "GET /phpmyadmin/js/ajax.js?v=5.0.1 HTTP/1.1" 200 36644
::1 - - [20/Mar/2020:16:54:55 +0100] "GET /phpmyadmin/js/keyhandler.js?v=5.0.1 HTTP/1.1" 200 3337
::1 - - [20/Mar/2020:16:54:55 +0100] "GET /phpmyadmin/js/vendor/bootstrap/bootstrap.bundle.min.js?v=5.0.1 HTTP/1.1" 200 78635
::1 - - [20/Mar/2020:16:54:55 +0100] "GET /phpmyadmin/js/vendor/js.cookie.js?v=5.0.1 HTTP/1.1" 200 3883
::1 - - [20/Mar/2020:16:54:55 +0100] "GET /phpmyadmin/js/vendor/jquery/jquery.mousewheel.js?v=5.0.1 HTTP/1.1" 200 8267
::1 - - [20/Mar/2020:16:54:55 +0100] "GET /phpmyadmin/js/vendor/jquery/jquery.event.drag-2.2.js?v=5.0.1 HTTP/1.1" 200 12826
::1 - - [20/Mar/2020:16:54:55 +0100] "GET /phpmyadmin/js/vendor/jquery/jquery-ui.min.js?v=5.0.1 HTTP/1.1" 200 253681
::1 - - [20/Mar/2020:16:54:55 +0100] "GET /phpmyadmin/js/vendor/jquery/jquery.ba-hashchange-1.3.js?v=5.0.1 HTTP/1.1" 200 16522
::1 - - [20/Mar/2020:16:54:55 +0100] "GET /phpmyadmin/js/vendor/jquery/jquery-ui-timepicker-addon.js?v=5.0.1 HTTP/1.1" 200 78475
::1 - - [20/Mar/2020:16:54:55 +0100] "GET /phpmyadmin/js/vendor/jquery/jquery.debounce-1.0.5.js?v=5.0.1 HTTP/1.1" 200 1169
::1 - - [20/Mar/2020:16:54:55 +0100] "GET /phpmyadmin/js/menu_resizer.js?v=5.0.1 HTTP/1.1" 200 8276
::1 - - [20/Mar/2020:16:54:55 +0100] "GET /phpmyadmin/js/vendor/jquery/jquery.validate.js?v=5.0.1 HTTP/1.1" 200 50690
::1 - - [20/Mar/2020:16:54:55 +0100] "GET /phpmyadmin/js/cross_framing_protection.js?v=5.0.1 HTTP/1.1" 200 465
::1 - - [20/Mar/2020:16:54:55 +0100] "GET /phpmyadmin/js/rte.js?v=5.0.1 HTTP/1.1" 200 47818
::1 - - [20/Mar/2020:16:54:55 +0100] "GET /phpmyadmin/js/vendor/tracekit.js?v=5.0.1 HTTP/1.1" 200 45389
::1 - - [20/Mar/2020:16:54:55 +0100] "GET /phpmyadmin/js/error_report.js?v=5.0.1 HTTP/1.1" 200 10858
::1 - - [20/Mar/2020:16:54:55 +0100] "GET /phpmyadmin/js/config.js?v=5.0.1 HTTP/1.1" 200 27402
::1 - - [20/Mar/2020:16:54:55 +0100] "GET /phpmyadmin/js/doclinks.js?v=5.0.1 HTTP/1.1" 200 18970
::1 - - [20/Mar/2020:16:54:55 +0100] "GET /phpmyadmin/js/navigation.js?v=5.0.1 HTTP/1.1" 200 62743
::1 - - [20/Mar/2020:16:54:55 +0100] "GET /phpmyadmin/js/functions.js?v=5.0.1 HTTP/1.1" 200 177699
::1 - - [20/Mar/2020:16:54:55 +0100] "GET /phpmyadmin/js/indexes.js?v=5.0.1 HTTP/1.1" 200 29379
::1 - - [20/Mar/2020:16:54:55 +0100] "GET /phpmyadmin/js/common.js?v=5.0.1 HTTP/1.1" 200 4662
::1 - - [20/Mar/2020:16:54:55 +0100] "GET /phpmyadmin/js/page_settings.js?v=5.0.1 HTTP/1.1" 200 1746
::1 - - [20/Mar/2020:16:54:55 +0100] "GET /phpmyadmin/js/drag_drop_import.js?v=5.0.1 HTTP/1.1" 200 14528
::1 - - [20/Mar/2020:16:54:55 +0100] "GET /phpmyadmin/js/shortcuts_handler.js?v=5.0.1 HTTP/1.1" 200 3379
::1 - - [20/Mar/2020:16:54:55 +0100] "GET /phpmyadmin/js/vendor/codemirror/lib/codemirror.js?v=5.0.1 HTTP/1.1" 200 395660
::1 - - [20/Mar/2020:16:54:55 +0100] "GET /phpmyadmin/js/vendor/codemirror/addon/runmode/runmode.js?v=5.0.1 HTTP/1.1" 200 2500
::1 - - [20/Mar/2020:16:54:55 +0100] "GET /phpmyadmin/js/vendor/codemirror/mode/sql/sql.js?v=5.0.1 HTTP/1.1" 200 47451
::1 - - [20/Mar/2020:16:54:56 +0100] "GET /phpmyadmin/js/vendor/codemirror/addon/lint/lint.js?v=5.0.1 HTTP/1.1" 200 8610
::1 - - [20/Mar/2020:16:54:56 +0100] "GET /phpmyadmin/js/vendor/codemirror/addon/hint/sql-hint.js?v=5.0.1 HTTP/1.1" 200 9599
::1 - - [20/Mar/2020:16:54:56 +0100] "GET /phpmyadmin/js/vendor/codemirror/addon/hint/show-hint.js?v=5.0.1 HTTP/1.1" 200 17378
::1 - - [20/Mar/2020:16:54:56 +0100] "GET /phpmyadmin/js/codemirror/addon/lint/sql-lint.js?v=5.0.1 HTTP/1.1" 200 1156
::1 - - [20/Mar/2020:16:54:56 +0100] "GET /phpmyadmin/js/console.js?v=5.0.1 HTTP/1.1" 200 57024
::1 - - [20/Mar/2020:16:54:56 +0100] "GET /phpmyadmin/themes/dot.gif HTTP/1.1" 200 43
::1 - - [20/Mar/2020:16:54:56 +0100] "GET /phpmyadmin/themes/pmahomme/img/logo_right.png HTTP/1.1" 200 4306
::1 - - [20/Mar/2020:16:54:55 +0100] "GET /phpmyadmin/js/whitelist.php?v=5.0.1 HTTP/1.1" 200 478
::1 - - [20/Mar/2020:16:54:56 +0100] "GET /phpmyadmin/themes/pmahomme/css/printview.css?v=5.0.1 HTTP/1.1" 200 1455
::1 - - [20/Mar/2020:16:54:55 +0100] "GET /phpmyadmin/js/messages.php?l=fr&v=5.0.1 HTTP/1.1" 200 10013
::1 - - [20/Mar/2020:16:54:56 +0100] "GET /phpmyadmin/themes/pmahomme/img/b_help.png HTTP/1.1" 200 705
::1 - - [20/Mar/2020:16:54:56 +0100] "GET /phpmyadmin/favicon.ico HTTP/1.1" 200 22486
::1 - - [20/Mar/2020:16:55:03 +0100] "POST /phpmyadmin/index.php HTTP/1.1" 200 3678
127.0.0.1 - - [20/Mar/2020:16:55:36 +0100] "-" 408 -
::1 - - [20/Mar/2020:16:50:36 +0100] "POST /phpmyadmin/index.php HTTP/1.1" 200 165
::1 - - [20/Mar/2020:16:55:46 +0100] "POST /phpmyadmin/index.php HTTP/1.1" 200 3674
127.0.0.1 - - [20/Mar/2020:16:56:50 +0100] "-" 408 -
::1 - - [20/Mar/2020:16:51:50 +0100] "POST /phpmyadmin/index.php HTTP/1.1" 200 165
127.0.0.1 - - [20/Mar/2020:16:57:25 +0100] "-" 408 -
::1 - - [20/Mar/2020:16:52:25 +0100] "POST /phpmyadmin/index.php HTTP/1.1" 200 165
::1 - - [20/Mar/2020:16:57:39 +0100] "GET / HTTP/1.1" 403 1127
::1 - - [20/Mar/2020:16:57:39 +0100] "GET /favicon.ico HTTP/1.1" 403 1121
::1 - - [20/Mar/2020:16:57:56 +0100] "GET /dashboard HTTP/1.1" 403 1121
::1 - - [20/Mar/2020:16:57:56 +0100] "GET /favicon.ico HTTP/1.1" 403 1121
127.0.0.1 - - [20/Mar/2020:16:58:20 +0100] "-" 408 -
::1 - - [20/Mar/2020:16:53:20 +0100] "POST /phpmyadmin/index.php HTTP/1.1" 200 165
::1 - - [20/Mar/2020:17:02:36 +0100] "GET /phpmyadmin/ HTTP/1.1" 200 3588
::1 - - [20/Mar/2020:17:02:36 +0100] "GET /phpmyadmin/themes/pmahomme/css/theme.css?v=5.0.1&nocache=4741618414ltr&server=1 HTTP/1.1" 200 100397
::1 - - [20/Mar/2020:17:02:43 +0100] "POST /phpmyadmin/index.php HTTP/1.1" 302 20
::1 - - [20/Mar/2020:17:02:43 +0100] "GET /phpmyadmin/index.php HTTP/1.1" 200 15442
::1 - - [20/Mar/2020:17:02:43 +0100] "GET /phpmyadmin/themes/pmahomme/css/theme.css?v=5.0.1&nocache=6326336884ltr&server=1 HTTP/1.1" 200 100397
::1 - - [20/Mar/2020:17:02:43 +0100] "GET /phpmyadmin/themes/pmahomme/img/s_passwd.png HTTP/1.1" 200 331
::1 - - [20/Mar/2020:17:02:44 +0100] "POST /phpmyadmin/ajax.php HTTP/1.1" 200 1472
::1 - - [20/Mar/2020:17:02:44 +0100] "POST /phpmyadmin/navigation.php?ajax_request=1 HTTP/1.1" 200 2236
::1 - - [20/Mar/2020:17:02:44 +0100] "POST /phpmyadmin/ajax.php HTTP/1.1" 200 1567
::1 - - [20/Mar/2020:17:02:44 +0100] "POST /phpmyadmin/ajax.php HTTP/1.1" 200 1466
::1 - - [20/Mar/2020:17:02:44 +0100] "POST /phpmyadmin/version_check.php HTTP/1.1" 200 64
::1 - - [20/Mar/2020:17:02:44 +0100] "POST /phpmyadmin/db_structure.php?ajax_request=1&favorite_table=1&sync_favorite_tables=1 HTTP/1.1" 200 155
127.0.0.1 - - [20/Mar/2020:17:04:55 +0100] "-" 408 -
::1 - - [20/Mar/2020:16:59:55 +0100] "GET /phpmyadmin/ HTTP/1.1" 200 165
127.0.0.1 - - [20/Mar/2020:17:05:19 +0100] "-" 408 -
::1 - - [20/Mar/2020:17:00:19 +0100] "GET /phpmyadmin/ HTTP/1.1" 200 165
::1 - - [20/Mar/2020:17:06:04 +0100] "GET /phpmyadmin/ HTTP/1.1" 200 15442
::1 - - [20/Mar/2020:17:06:04 +0100] "GET /phpmyadmin/themes/pmahomme/css/theme.css?v=5.0.1&nocache=6326338578ltr&server=1 HTTP/1.1" 200 100397
::1 - - [20/Mar/2020:17:06:04 +0100] "POST /phpmyadmin/ajax.php HTTP/1.1" 200 1472
::1 - - [20/Mar/2020:17:06:05 +0100] "POST /phpmyadmin/navigation.php?ajax_request=1 HTTP/1.1" 200 2236
::1 - - [20/Mar/2020:17:06:05 +0100] "POST /phpmyadmin/ajax.php HTTP/1.1" 200 1567
::1 - - [20/Mar/2020:17:06:05 +0100] "POST /phpmyadmin/ajax.php HTTP/1.1" 200 1466
::1 - - [20/Mar/2020:17:06:05 +0100] "POST /phpmyadmin/version_check.php HTTP/1.1" 200 64
::1 - - [20/Mar/2020:17:06:05 +0100] "POST /phpmyadmin/db_structure.php?ajax_request=1&favorite_table=1&sync_favorite_tables=1 HTTP/1.1" 200 155
::1 - - [20/Mar/2020:17:06:48 +0100] "GET /phpmyadmin/ HTTP/1.1" 200 15442
::1 - - [20/Mar/2020:17:06:48 +0100] "GET /phpmyadmin/themes/pmahomme/css/theme.css?v=5.0.1&nocache=6326338779ltr&server=1 HTTP/1.1" 200 100397
::1 - - [20/Mar/2020:17:06:49 +0100] "POST /phpmyadmin/ajax.php HTTP/1.1" 200 1472
::1 - - [20/Mar/2020:17:06:49 +0100] "POST /phpmyadmin/navigation.php?ajax_request=1 HTTP/1.1" 200 2236
::1 - - [20/Mar/2020:17:06:49 +0100] "POST /phpmyadmin/ajax.php HTTP/1.1" 200 1567
::1 - - [20/Mar/2020:17:06:49 +0100] "POST /phpmyadmin/ajax.php HTTP/1.1" 200 1466
::1 - - [20/Mar/2020:17:06:49 +0100] "POST /phpmyadmin/version_check.php HTTP/1.1" 200 64
::1 - - [20/Mar/2020:17:06:49 +0100] "POST /phpmyadmin/db_structure.php?ajax_request=1&favorite_table=1&sync_favorite_tables=1 HTTP/1.1" 200 155
::1 - - [20/Mar/2020:17:11:27 +0100] "GET /phpmyadmin/server_sql.php?ajax_request=true&ajax_page_request=true&_nocache=1584720687498759254&token=3a2f3f6c284d554d583b733e54337e77 HTTP/1.1" 200 4568
::1 - - [20/Mar/2020:17:11:27 +0100] "GET /phpmyadmin/js/sql.js?v=5.0.1 HTTP/1.1" 200 42174
::1 - - [20/Mar/2020:17:11:27 +0100] "GET /phpmyadmin/js/makegrid.js?v=5.0.1 HTTP/1.1" 200 98272
::1 - - [20/Mar/2020:17:11:32 +0100] "GET /phpmyadmin/server_databases.php?ajax_request=true&ajax_page_request=true&_nocache=1584720692119541425&token=3a2f3f6c284d554d583b733e54337e77 HTTP/1.1" 200 7579
::1 - - [20/Mar/2020:17:11:43 +0100] "GET /phpmyadmin/server_status.php?ajax_request=true&ajax_page_request=true&_nocache=1584720703066196255&token=3a2f3f6c284d554d583b733e54337e77 HTTP/1.1" 200 2203
::1 - - [20/Mar/2020:17:11:47 +0100] "GET /phpmyadmin/server_variables.php?ajax_request=true&ajax_page_request=true&_nocache=1584720707670967382&token=3a2f3f6c284d554d583b733e54337e77 HTTP/1.1" 200 31920
::1 - - [20/Mar/2020:17:11:48 +0100] "GET /phpmyadmin/themes/pmahomme/img/b_edit.png HTTP/1.1" 200 377
::1 - - [20/Mar/2020:17:11:48 +0100] "GET /phpmyadmin/themes/pmahomme/img/bd_edit.png HTTP/1.1" 200 216
::1 - - [20/Mar/2020:17:11:48 +0100] "GET /phpmyadmin/js/server/variables.js?v=5.0.1 HTTP/1.1" 200 4524
::1 - - [20/Mar/2020:17:12:34 +0100] "GET /phpmyadmin/index.php?ajax_request=true&ajax_page_request=true&_nocache=1584720754363325200&token=3a2f3f6c284d554d583b733e54337e77 HTTP/1.1" 200 8473
::1 - - [20/Mar/2020:17:12:34 +0100] "POST /phpmyadmin/version_check.php HTTP/1.1" 200 64
::1 - - [20/Mar/2020:17:12:34 +0100] "POST /phpmyadmin/db_structure.php?ajax_request=1&favorite_table=1&sync_favorite_tables=1 HTTP/1.1" 200 155
::1 - - [20/Mar/2020:17:15:57 +0100] "GET /phpmyadmin/db_structure.php?server=1&db=joface_api&ajax_request=true&ajax_page_request=true&_nocache=1584720957960145348&token=3a2f3f6c284d554d583b733e54337e77 HTTP/1.1" 200 3008
::1 - - [20/Mar/2020:17:15:58 +0100] "GET /phpmyadmin/navigation.php?ajax_request=1&aPath=cm9vdA%3D%3D.am9mYWNlX2FwaQ%3D%3D&vPath=cm9vdA%3D%3D.am9mYWNlX2FwaQ%3D%3D&pos=0&pos2_name=&pos2_value=&searchClause=&searchClause2=&_nocache=1584720958510706518&token=3a2f3f6c284d554d583b733e54337e77 HTTP/1.1" 200 1496
::1 - - [20/Mar/2020:17:16:05 +0100] "GET /phpmyadmin/index.php?ajax_request=true&ajax_page_request=true&_nocache=1584720965278420322&token=3a2f3f6c284d554d583b733e54337e77 HTTP/1.1" 200 8473
::1 - - [20/Mar/2020:17:16:05 +0100] "POST /phpmyadmin/version_check.php HTTP/1.1" 200 64
::1 - - [20/Mar/2020:17:16:05 +0100] "POST /phpmyadmin/db_structure.php?ajax_request=1&favorite_table=1&sync_favorite_tables=1 HTTP/1.1" 200 155
::1 - - [20/Mar/2020:17:16:10 +0100] "GET /phpmyadmin/server_databases.php?ajax_request=true&ajax_page_request=true&_nocache=1584720970374889030&token=3a2f3f6c284d554d583b733e54337e77 HTTP/1.1" 200 7579
::1 - - [20/Mar/2020:17:16:16 +0100] "GET /phpmyadmin/themes/pmahomme/jquery/images/ui-icons_222222_256x240.png HTTP/1.1" 200 3765
::1 - - [20/Mar/2020:17:16:16 +0100] "GET /phpmyadmin/themes/pmahomme/jquery/images/ui-bg_highlight-soft_75_cccccc_1x100.png HTTP/1.1" 200 122
::1 - - [20/Mar/2020:17:16:16 +0100] "GET /phpmyadmin/themes/pmahomme/jquery/images/ui-bg_glass_75_e6e6e6_1x400.png HTTP/1.1" 200 121
::1 - - [20/Mar/2020:17:16:16 +0100] "GET /phpmyadmin/themes/pmahomme/jquery/images/ui-icons_888888_256x240.png HTTP/1.1" 200 3765
::1 - - [20/Mar/2020:17:16:16 +0100] "GET /phpmyadmin/themes/pmahomme/jquery/images/ui-bg_glass_75_dadada_1x400.png HTTP/1.1" 200 126
::1 - - [20/Mar/2020:17:16:19 +0100] "GET /phpmyadmin/themes/pmahomme/jquery/images/ui-bg_glass_65_ffffff_1x400.png HTTP/1.1" 200 73
::1 - - [20/Mar/2020:17:16:19 +0100] "POST /phpmyadmin/server_databases.php HTTP/1.1" 200 1568
::1 - - [20/Mar/2020:17:16:19 +0100] "POST /phpmyadmin/navigation.php?ajax_request=1 HTTP/1.1" 200 2194
::1 - - [20/Mar/2020:17:16:30 +0100] "GET /phpmyadmin/server_databases.php?ajax_request=true&ajax_page_request=true&_nocache=1584720990844169711&token=3a2f3f6c284d554d583b733e54337e77 HTTP/1.1" 200 7579
::1 - - [20/Mar/2020:17:16:35 +0100] "GET /phpmyadmin/db_structure.php?db=joface_api&ajax_request=true&ajax_page_request=true&_nocache=1584720995518919945&token=3a2f3f6c284d554d583b733e54337e77 HTTP/1.1" 200 3008
::1 - - [20/Mar/2020:17:20:39 +0100] "GET /phpmyadmin/db_structure.php?db=joface_api&ajax_request=true&ajax_page_request=true&_nocache=1584721239629501688&token=3a2f3f6c284d554d583b733e54337e77 HTTP/1.1" 200 5928
::1 - - [20/Mar/2020:17:20:40 +0100] "GET /phpmyadmin/themes/pmahomme/img/s_desc.png HTTP/1.1" 200 146
::1 - - [20/Mar/2020:17:20:40 +0100] "GET /phpmyadmin/themes/pmahomme/img/b_no_favorite.png HTTP/1.1" 200 377
::1 - - [20/Mar/2020:17:20:40 +0100] "GET /phpmyadmin/themes/pmahomme/img/bd_browse.png HTTP/1.1" 200 271
::1 - - [20/Mar/2020:17:20:40 +0100] "GET /phpmyadmin/themes/pmahomme/img/bd_select.png HTTP/1.1" 200 325
::1 - - [20/Mar/2020:17:20:40 +0100] "GET /phpmyadmin/themes/pmahomme/img/b_drop.png HTTP/1.1" 200 637
::1 - - [20/Mar/2020:17:20:40 +0100] "GET /phpmyadmin/themes/pmahomme/img/bd_empty.png HTTP/1.1" 200 327
::1 - - [20/Mar/2020:17:20:40 +0100] "GET /phpmyadmin/themes/pmahomme/img/b_empty.png HTTP/1.1" 200 521
::1 - - [20/Mar/2020:17:20:40 +0100] "GET /phpmyadmin/themes/pmahomme/img/b_print.png HTTP/1.1" 200 639
::1 - - [20/Mar/2020:17:20:40 +0100] "GET /phpmyadmin/themes/pmahomme/img/b_tblanalyse.png HTTP/1.1" 200 152
